# electron density (m^-3) vs altitude (km) from IRI2012
# latitude: 42.62 deg
# longitude: 288.5 deg
# December 1, 2014, 12 PM local time
   65.00  0.59593E+08
   66.00  0.75143E+08
   67.00  0.92798E+08
   68.00  0.11238E+09
   69.00  0.13361E+09
   70.00  0.15616E+09
   71.00  0.17964E+09
   72.00  0.20364E+09
   73.00  0.22777E+09
   74.00  0.25168E+09
   75.00  0.27506E+09
   76.00  0.29771E+09
   77.00  0.31949E+09
   78.00  0.34039E+09
   79.00  0.36049E+09
   80.00  0.37994E+09
   81.00  0.39902E+09
   82.00  0.42099E+09
   83.00  0.46453E+09
   84.00  0.56340E+09
   85.00  0.78929E+09
   86.00  0.13196E+10
   87.00  0.22270E+10
   88.00  0.35952E+10
   89.00  0.55635E+10
   90.00  0.82690E+10
   91.00  0.11828E+11
   92.00  0.16314E+11
   93.00  0.21740E+11
   94.00  0.28048E+11
   95.00  0.35102E+11
   96.00  0.42696E+11
   97.00  0.50574E+11
   98.00  0.58454E+11
   99.00  0.66052E+11
  100.00  0.73112E+11
  101.00  0.79427E+11
  102.00  0.84852E+11
  103.00  0.89312E+11
  104.00  0.92800E+11
  105.00  0.95366E+11
  106.00  0.97114E+11
  107.00  0.98180E+11
  108.00  0.98725E+11
  109.00  0.98923E+11
  110.00  0.98951E+11
  111.00  0.98684E+11
  112.00  0.97939E+11
  113.00  0.96818E+11
  114.00  0.95443E+11
  115.00  0.93953E+11
  116.00  0.92489E+11
  117.00  0.91189E+11
  118.00  0.90182E+11
  119.00  0.89577E+11
  120.00  0.89453E+11
  121.00  0.89859E+11
  122.00  0.90795E+11
  123.00  0.92213E+11
  124.00  0.94004E+11
  125.00  0.95990E+11
  126.00  0.97921E+11
  127.00  0.10017E+12
  128.00  0.10348E+12
  129.00  0.10690E+12
  130.00  0.11045E+12
  131.00  0.11412E+12
  132.00  0.11791E+12
  133.00  0.12184E+12
  134.00  0.12591E+12
  135.00  0.13013E+12
  136.00  0.13449E+12
  137.00  0.13901E+12
  138.00  0.14369E+12
  139.00  0.14854E+12
  140.00  0.15356E+12
  141.00  0.15877E+12
  142.00  0.16416E+12
  143.00  0.16975E+12
  144.00  0.17554E+12
  145.00  0.18154E+12
  146.00  0.18777E+12
  147.00  0.19422E+12
  148.00  0.20092E+12
  149.00  0.20786E+12
  150.00  0.21506E+12
  151.00  0.22254E+12
  152.00  0.23029E+12
  153.00  0.23834E+12
  154.00  0.24670E+12
  155.00  0.25538E+12
  156.00  0.26439E+12
  157.00  0.27375E+12
  158.00  0.28348E+12
  159.00  0.29358E+12
  160.00  0.30405E+12
  161.00  0.31477E+12
  162.00  0.32575E+12
  163.00  0.33698E+12
  164.00  0.34846E+12
  165.00  0.36019E+12
  166.00  0.37217E+12
  167.00  0.38440E+12
  168.00  0.39688E+12
  169.00  0.40960E+12
  170.00  0.42257E+12
  171.00  0.43578E+12
  172.00  0.44922E+12
  173.00  0.46289E+12
  174.00  0.47679E+12
  175.00  0.49092E+12
  176.00  0.50526E+12
  177.00  0.51982E+12
  178.00  0.53459E+12
  179.00  0.54955E+12
  180.00  0.56471E+12
  181.00  0.58005E+12
  182.00  0.59558E+12
  183.00  0.61127E+12
  184.00  0.62713E+12
  185.00  0.64314E+12
  186.00  0.65929E+12
  187.00  0.67557E+12
  188.00  0.69198E+12
  189.00  0.70849E+12
  190.00  0.72511E+12
  191.00  0.74181E+12
  192.00  0.75859E+12
  193.00  0.77544E+12
  194.00  0.79233E+12
  195.00  0.80926E+12
  196.00  0.82621E+12
  197.00  0.84317E+12
  198.00  0.86012E+12
  199.00  0.87706E+12
  200.00  0.89395E+12
  201.00  0.91080E+12
  202.00  0.92758E+12
  203.00  0.94428E+12
  204.00  0.96088E+12
  205.00  0.97736E+12
  206.00  0.99372E+12
  207.00  0.10099E+13
  208.00  0.10260E+13
  209.00  0.10418E+13
  210.00  0.10575E+13
  211.00  0.10730E+13
  212.00  0.10882E+13
  213.00  0.11032E+13
  214.00  0.11179E+13
  215.00  0.11323E+13
  216.00  0.11465E+13
  217.00  0.11603E+13
  218.00  0.11738E+13
  219.00  0.11870E+13
  220.00  0.11998E+13
  221.00  0.12123E+13
  222.00  0.12243E+13
  223.00  0.12360E+13
  224.00  0.12473E+13
  225.00  0.12581E+13
  226.00  0.12685E+13
  227.00  0.12785E+13
  228.00  0.12880E+13
  229.00  0.12970E+13
  230.00  0.13056E+13
  231.00  0.13136E+13
  232.00  0.13212E+13
  233.00  0.13283E+13
  234.00  0.13349E+13
  235.00  0.13409E+13
  236.00  0.13465E+13
  237.00  0.13515E+13
  238.00  0.13560E+13
  239.00  0.13600E+13
  240.00  0.13634E+13
  241.00  0.13663E+13
  242.00  0.13687E+13
  243.00  0.13706E+13
  244.00  0.13720E+13
  245.00  0.13728E+13
  246.00  0.13732E+13
  247.00  0.13732E+13
  248.00  0.13729E+13
  249.00  0.13724E+13
  250.00  0.13716E+13
  251.00  0.13707E+13
  252.00  0.13694E+13
  253.00  0.13680E+13
  254.00  0.13664E+13
  255.00  0.13645E+13
  256.00  0.13624E+13
  257.00  0.13601E+13
  258.00  0.13576E+13
  259.00  0.13549E+13
  260.00  0.13521E+13
  261.00  0.13490E+13
  262.00  0.13457E+13
  263.00  0.13423E+13
  264.00  0.13387E+13
  265.00  0.13349E+13
  266.00  0.13310E+13
  267.00  0.13269E+13
  268.00  0.13226E+13
  269.00  0.13182E+13
  270.00  0.13137E+13
  271.00  0.13090E+13
  272.00  0.13041E+13
  273.00  0.12991E+13
  274.00  0.12940E+13
  275.00  0.12888E+13
  276.00  0.12834E+13
  277.00  0.12780E+13
  278.00  0.12724E+13
  279.00  0.12667E+13
  280.00  0.12609E+13
  281.00  0.12550E+13
  282.00  0.12490E+13
  283.00  0.12430E+13
  284.00  0.12368E+13
  285.00  0.12306E+13
  286.00  0.12242E+13
  287.00  0.12178E+13
  288.00  0.12113E+13
  289.00  0.12048E+13
  290.00  0.11982E+13
  291.00  0.11915E+13
  292.00  0.11848E+13
  293.00  0.11780E+13
  294.00  0.11712E+13
  295.00  0.11643E+13
  296.00  0.11574E+13
  297.00  0.11504E+13
  298.00  0.11434E+13
  299.00  0.11364E+13
  300.00  0.11294E+13
  301.00  0.11223E+13
  302.00  0.11151E+13
  303.00  0.11080E+13
  304.00  0.11008E+13
  305.00  0.10937E+13
  306.00  0.10865E+13
  307.00  0.10792E+13
  308.00  0.10720E+13
  309.00  0.10648E+13
  310.00  0.10576E+13
  311.00  0.10503E+13
  312.00  0.10431E+13
  313.00  0.10358E+13
  314.00  0.10286E+13
  315.00  0.10214E+13
  316.00  0.10141E+13
  317.00  0.10069E+13
  318.00  0.99971E+12
  319.00  0.99251E+12
  320.00  0.98533E+12
  321.00  0.97815E+12
  322.00  0.97100E+12
  323.00  0.96386E+12
  324.00  0.95674E+12
  325.00  0.94965E+12
  326.00  0.94257E+12
  327.00  0.93552E+12
  328.00  0.92849E+12
  329.00  0.92148E+12
  330.00  0.91450E+12
  331.00  0.90755E+12
  332.00  0.90063E+12
  333.00  0.89374E+12
  334.00  0.88688E+12
  335.00  0.88004E+12
  336.00  0.87325E+12
  337.00  0.86648E+12
  338.00  0.85975E+12
  339.00  0.85305E+12
  340.00  0.84639E+12
  341.00  0.83976E+12
  342.00  0.83317E+12
  343.00  0.82662E+12
  344.00  0.82010E+12
  345.00  0.81362E+12
  346.00  0.80718E+12
  347.00  0.80078E+12
  348.00  0.79442E+12
  349.00  0.78810E+12
  350.00  0.78182E+12
  351.00  0.77558E+12
  352.00  0.76938E+12
  353.00  0.76322E+12
  354.00  0.75710E+12
  355.00  0.75103E+12
  356.00  0.74499E+12
  357.00  0.73900E+12
  358.00  0.73305E+12
  359.00  0.72715E+12
  360.00  0.72128E+12
  361.00  0.71546E+12
  362.00  0.70968E+12
  363.00  0.70395E+12
  364.00  0.69825E+12
  365.00  0.69261E+12
  366.00  0.68700E+12
  367.00  0.68143E+12
  368.00  0.67591E+12
  369.00  0.67044E+12
  370.00  0.66500E+12
  371.00  0.65961E+12
  372.00  0.65426E+12
  373.00  0.64896E+12
  374.00  0.64369E+12
  375.00  0.63847E+12
  376.00  0.63330E+12
  377.00  0.62816E+12
  378.00  0.62307E+12
  379.00  0.61802E+12
  380.00  0.61301E+12
  381.00  0.60804E+12
  382.00  0.60312E+12
  383.00  0.59823E+12
  384.00  0.59339E+12
  385.00  0.58859E+12
  386.00  0.58383E+12
  387.00  0.57911E+12
  388.00  0.57444E+12
  389.00  0.56980E+12
  390.00  0.56520E+12
  391.00  0.56064E+12
  392.00  0.55613E+12
  393.00  0.55165E+12
  394.00  0.54721E+12
  395.00  0.54281E+12
  396.00  0.53845E+12
  397.00  0.53413E+12
  398.00  0.52985E+12
  399.00  0.52560E+12
  400.00  0.52140E+12
  401.00  0.51723E+12
  402.00  0.51309E+12
  403.00  0.50900E+12
  404.00  0.50494E+12
  405.00  0.50092E+12
  406.00  0.49694E+12
  407.00  0.49299E+12
  408.00  0.48907E+12
  409.00  0.48520E+12
  410.00  0.48136E+12
  411.00  0.47755E+12
  412.00  0.47378E+12
  413.00  0.47004E+12
  414.00  0.46634E+12
  415.00  0.46267E+12
  416.00  0.45903E+12
  417.00  0.45543E+12
  418.00  0.45186E+12
  419.00  0.44832E+12
  420.00  0.44482E+12
  421.00  0.44135E+12
  422.00  0.43791E+12
  423.00  0.43450E+12
  424.00  0.43113E+12
  425.00  0.42778E+12
  426.00  0.42447E+12
  427.00  0.42118E+12
  428.00  0.41793E+12
  429.00  0.41471E+12
  430.00  0.41152E+12
  431.00  0.40835E+12
  432.00  0.40522E+12
  433.00  0.40212E+12
  434.00  0.39904E+12
  435.00  0.39599E+12
  436.00  0.39297E+12
  437.00  0.38998E+12
  438.00  0.38702E+12
  439.00  0.38408E+12
  440.00  0.38117E+12
  441.00  0.37829E+12
  442.00  0.37544E+12
  443.00  0.37261E+12
  444.00  0.36981E+12
  445.00  0.36703E+12
  446.00  0.36428E+12
  447.00  0.36156E+12
  448.00  0.35886E+12
  449.00  0.35618E+12
  450.00  0.35353E+12
  451.00  0.35091E+12
  452.00  0.34831E+12
  453.00  0.34573E+12
  454.00  0.34318E+12
  455.00  0.34065E+12
  456.00  0.33814E+12
  457.00  0.33566E+12
  458.00  0.33320E+12
  459.00  0.33076E+12
  460.00  0.32835E+12
  461.00  0.32596E+12
  462.00  0.32359E+12
  463.00  0.32124E+12
  464.00  0.31891E+12
  465.00  0.31661E+12
  466.00  0.31432E+12
  467.00  0.31206E+12
  468.00  0.30981E+12
  469.00  0.30759E+12
  470.00  0.30539E+12
  471.00  0.30321E+12
  472.00  0.30105E+12
  473.00  0.29891E+12
  474.00  0.29678E+12
  475.00  0.29468E+12
  476.00  0.29260E+12
  477.00  0.29053E+12
  478.00  0.28848E+12
  479.00  0.28646E+12
  480.00  0.28445E+12
  481.00  0.28246E+12
  482.00  0.28048E+12
  483.00  0.27853E+12
  484.00  0.27659E+12
  485.00  0.27467E+12
  486.00  0.27277E+12
  487.00  0.27088E+12
  488.00  0.26901E+12
  489.00  0.26716E+12
  490.00  0.26533E+12
  491.00  0.26351E+12
  492.00  0.26170E+12
  493.00  0.25992E+12
  494.00  0.25815E+12
  495.00  0.25639E+12
  496.00  0.25465E+12
  497.00  0.25293E+12
  498.00  0.25122E+12
  499.00  0.24953E+12
  500.00  0.24785E+12
  501.00  0.24619E+12
  502.00  0.24454E+12
  503.00  0.24291E+12
  504.00  0.24129E+12
  505.00  0.23968E+12
  506.00  0.23809E+12
  507.00  0.23651E+12
  508.00  0.23495E+12
  509.00  0.23340E+12
  510.00  0.23186E+12
  511.00  0.23034E+12
  512.00  0.22883E+12
  513.00  0.22733E+12
  514.00  0.22585E+12
  515.00  0.22438E+12
  516.00  0.22292E+12
  517.00  0.22148E+12
  518.00  0.22005E+12
  519.00  0.21863E+12
  520.00  0.21722E+12
  521.00  0.21582E+12
  522.00  0.21444E+12
  523.00  0.21307E+12
  524.00  0.21171E+12
  525.00  0.21036E+12
  526.00  0.20902E+12
  527.00  0.20770E+12
  528.00  0.20638E+12
  529.00  0.20508E+12
  530.00  0.20379E+12
  531.00  0.20251E+12
  532.00  0.20124E+12
  533.00  0.19998E+12
  534.00  0.19873E+12
  535.00  0.19749E+12
  536.00  0.19626E+12
  537.00  0.19505E+12
  538.00  0.19384E+12
  539.00  0.19264E+12
  540.00  0.19146E+12
  541.00  0.19028E+12
  542.00  0.18911E+12
  543.00  0.18795E+12
  544.00  0.18681E+12
  545.00  0.18567E+12
  546.00  0.18454E+12
  547.00  0.18342E+12
  548.00  0.18231E+12
  549.00  0.18121E+12
  550.00  0.18012E+12
  551.00  0.17903E+12
  552.00  0.17796E+12
  553.00  0.17689E+12
  554.00  0.17584E+12
  555.00  0.17479E+12
  556.00  0.17375E+12
  557.00  0.17272E+12
  558.00  0.17170E+12
  559.00  0.17068E+12
  560.00  0.16968E+12
  561.00  0.16868E+12
  562.00  0.16769E+12
  563.00  0.16671E+12
  564.00  0.16573E+12
  565.00  0.16477E+12
  566.00  0.16381E+12
  567.00  0.16286E+12
  568.00  0.16192E+12
  569.00  0.16098E+12
  570.00  0.16005E+12
  571.00  0.15913E+12
  572.00  0.15822E+12
  573.00  0.15731E+12
  574.00  0.15642E+12
  575.00  0.15552E+12
  576.00  0.15464E+12
  577.00  0.15376E+12
  578.00  0.15289E+12
  579.00  0.15203E+12
  580.00  0.15117E+12
  581.00  0.15032E+12
  582.00  0.14948E+12
  583.00  0.14864E+12
  584.00  0.14781E+12
  585.00  0.14698E+12
  586.00  0.14617E+12
  587.00  0.14536E+12
  588.00  0.14455E+12
  589.00  0.14375E+12
  590.00  0.14296E+12
  591.00  0.14217E+12
  592.00  0.14139E+12
  593.00  0.14062E+12
  594.00  0.13985E+12
  595.00  0.13909E+12
  596.00  0.13833E+12
  597.00  0.13758E+12
  598.00  0.13683E+12
  599.00  0.13609E+12
  600.00  0.13536E+12
  601.00  0.13463E+12
  602.00  0.13391E+12
  603.00  0.13319E+12
  604.00  0.13248E+12
  605.00  0.13177E+12
  606.00  0.13107E+12
  607.00  0.13037E+12
  608.00  0.12968E+12
  609.00  0.12900E+12
  610.00  0.12832E+12
  611.00  0.12764E+12
  612.00  0.12697E+12
  613.00  0.12630E+12
  614.00  0.12564E+12
  615.00  0.12499E+12
  616.00  0.12434E+12
  617.00  0.12369E+12
  618.00  0.12305E+12
  619.00  0.12241E+12
  620.00  0.12178E+12
  621.00  0.12115E+12
  622.00  0.12053E+12
  623.00  0.11991E+12
  624.00  0.11930E+12
  625.00  0.11869E+12
  626.00  0.11808E+12
  627.00  0.11748E+12
  628.00  0.11689E+12
  629.00  0.11630E+12
  630.00  0.11571E+12
  631.00  0.11513E+12
  632.00  0.11455E+12
  633.00  0.11397E+12
  634.00  0.11340E+12
  635.00  0.11283E+12
  636.00  0.11227E+12
  637.00  0.11171E+12
  638.00  0.11116E+12
  639.00  0.11061E+12
  640.00  0.11006E+12
  641.00  0.10952E+12
  642.00  0.10898E+12
  643.00  0.10844E+12
  644.00  0.10791E+12
  645.00  0.10738E+12
  646.00  0.10686E+12
  647.00  0.10634E+12
  648.00  0.10582E+12
  649.00  0.10531E+12
  650.00  0.10480E+12
  651.00  0.10429E+12
  652.00  0.10379E+12
  653.00  0.10329E+12
  654.00  0.10280E+12
  655.00  0.10230E+12
  656.00  0.10182E+12
  657.00  0.10133E+12
  658.00  0.10085E+12
  659.00  0.10037E+12
  660.00  0.99893E+11
  661.00  0.99421E+11
  662.00  0.98952E+11
  663.00  0.98486E+11
  664.00  0.98024E+11
  665.00  0.97564E+11
  666.00  0.97108E+11
  667.00  0.96654E+11
  668.00  0.96204E+11
  669.00  0.95757E+11
  670.00  0.95313E+11
  671.00  0.94872E+11
  672.00  0.94433E+11
  673.00  0.93998E+11
  674.00  0.93566E+11
  675.00  0.93136E+11
  676.00  0.92710E+11
  677.00  0.92286E+11
  678.00  0.91865E+11
  679.00  0.91447E+11
  680.00  0.91032E+11
  681.00  0.90619E+11
  682.00  0.90209E+11
  683.00  0.89802E+11
  684.00  0.89397E+11
  685.00  0.88995E+11
  686.00  0.88596E+11
  687.00  0.88199E+11
  688.00  0.87805E+11
  689.00  0.87414E+11
  690.00  0.87025E+11
  691.00  0.86639E+11
  692.00  0.86255E+11
  693.00  0.85873E+11
  694.00  0.85494E+11
  695.00  0.85118E+11
  696.00  0.84744E+11
  697.00  0.84372E+11
  698.00  0.84003E+11
  699.00  0.83636E+11
  700.00  0.83272E+11
  701.00  0.82910E+11
  702.00  0.82550E+11
  703.00  0.82192E+11
  704.00  0.81837E+11
  705.00  0.81484E+11
  706.00  0.81133E+11
  707.00  0.80784E+11
  708.00  0.80438E+11
  709.00  0.80094E+11
  710.00  0.79752E+11
  711.00  0.79412E+11
  712.00  0.79074E+11
  713.00  0.78738E+11
  714.00  0.78405E+11
  715.00  0.78073E+11
  716.00  0.77744E+11
  717.00  0.77417E+11
  718.00  0.77091E+11
  719.00  0.76768E+11
  720.00  0.76447E+11
  721.00  0.76128E+11
  722.00  0.75810E+11
  723.00  0.75495E+11
  724.00  0.75182E+11
  725.00  0.74870E+11
  726.00  0.74561E+11
  727.00  0.74253E+11
  728.00  0.73947E+11
  729.00  0.73643E+11
  730.00  0.73341E+11
  731.00  0.73041E+11
  732.00  0.72743E+11
  733.00  0.72446E+11
  734.00  0.72151E+11
  735.00  0.71858E+11
  736.00  0.71567E+11
  737.00  0.71278E+11
  738.00  0.70990E+11
  739.00  0.70704E+11
  740.00  0.70419E+11
  741.00  0.70137E+11
  742.00  0.69856E+11
  743.00  0.69577E+11
  744.00  0.69299E+11
  745.00  0.69023E+11
  746.00  0.68749E+11
  747.00  0.68476E+11
  748.00  0.68205E+11
  749.00  0.67936E+11
  750.00  0.67668E+11
  751.00  0.67402E+11
  752.00  0.67137E+11
  753.00  0.66874E+11
  754.00  0.66612E+11
  755.00  0.66352E+11
  756.00  0.66094E+11
  757.00  0.65837E+11
  758.00  0.65581E+11
  759.00  0.65327E+11
  760.00  0.65075E+11
  761.00  0.64823E+11
  762.00  0.64574E+11
  763.00  0.64326E+11
  764.00  0.64079E+11
  765.00  0.63833E+11
  766.00  0.63589E+11
  767.00  0.63347E+11
  768.00  0.63106E+11
  769.00  0.62866E+11
  770.00  0.62628E+11
  771.00  0.62391E+11
  772.00  0.62155E+11
  773.00  0.61920E+11
  774.00  0.61687E+11
  775.00  0.61456E+11
  776.00  0.61225E+11
  777.00  0.60996E+11
  778.00  0.60768E+11
  779.00  0.60542E+11
  780.00  0.60317E+11
  781.00  0.60093E+11
  782.00  0.59870E+11
  783.00  0.59649E+11
  784.00  0.59428E+11
  785.00  0.59209E+11
  786.00  0.58992E+11
  787.00  0.58775E+11
  788.00  0.58560E+11
  789.00  0.58346E+11
  790.00  0.58132E+11
  791.00  0.57921E+11
  792.00  0.57710E+11
  793.00  0.57501E+11
  794.00  0.57292E+11
  795.00  0.57085E+11
  796.00  0.56879E+11
  797.00  0.56674E+11
  798.00  0.56470E+11
  799.00  0.56268E+11
  800.00  0.56066E+11
  801.00  0.55866E+11
  802.00  0.55666E+11
  803.00  0.55468E+11
  804.00  0.55271E+11
  805.00  0.55074E+11
  806.00  0.54879E+11
  807.00  0.54685E+11
  808.00  0.54492E+11
  809.00  0.54300E+11
  810.00  0.54109E+11
  811.00  0.53920E+11
  812.00  0.53731E+11
  813.00  0.53543E+11
  814.00  0.53356E+11
  815.00  0.53170E+11
  816.00  0.52985E+11
  817.00  0.52801E+11
  818.00  0.52618E+11
  819.00  0.52436E+11
  820.00  0.52255E+11
  821.00  0.52075E+11
  822.00  0.51896E+11
  823.00  0.51718E+11
  824.00  0.51541E+11
  825.00  0.51364E+11
  826.00  0.51189E+11
  827.00  0.51015E+11
  828.00  0.50841E+11
  829.00  0.50668E+11
  830.00  0.50497E+11
  831.00  0.50326E+11
  832.00  0.50156E+11
  833.00  0.49987E+11
  834.00  0.49818E+11
  835.00  0.49651E+11
  836.00  0.49485E+11
  837.00  0.49319E+11
  838.00  0.49154E+11
  839.00  0.48990E+11
  840.00  0.48827E+11
  841.00  0.48665E+11
  842.00  0.48504E+11
  843.00  0.48343E+11
  844.00  0.48183E+11
  845.00  0.48024E+11
  846.00  0.47866E+11
  847.00  0.47709E+11
  848.00  0.47552E+11
  849.00  0.47397E+11
  850.00  0.47242E+11
  851.00  0.47087E+11
  852.00  0.46934E+11
  853.00  0.46781E+11
  854.00  0.46629E+11
  855.00  0.46478E+11
  856.00  0.46328E+11
  857.00  0.46178E+11
  858.00  0.46030E+11
  859.00  0.45881E+11
  860.00  0.45734E+11
  861.00  0.45587E+11
  862.00  0.45441E+11
  863.00  0.45296E+11
  864.00  0.45152E+11
  865.00  0.45008E+11
  866.00  0.44865E+11
  867.00  0.44723E+11
  868.00  0.44581E+11
  869.00  0.44440E+11
  870.00  0.44300E+11
  871.00  0.44160E+11
  872.00  0.44021E+11
  873.00  0.43883E+11
  874.00  0.43746E+11
  875.00  0.43609E+11
  876.00  0.43473E+11
  877.00  0.43337E+11
  878.00  0.43202E+11
  879.00  0.43068E+11
  880.00  0.42934E+11
  881.00  0.42801E+11
  882.00  0.42669E+11
  883.00  0.42537E+11
  884.00  0.42406E+11
  885.00  0.42276E+11
  886.00  0.42146E+11
  887.00  0.42017E+11
  888.00  0.41889E+11
  889.00  0.41761E+11
  890.00  0.41633E+11
  891.00  0.41507E+11
  892.00  0.41381E+11
  893.00  0.41255E+11
  894.00  0.41130E+11
  895.00  0.41006E+11
  896.00  0.40882E+11
  897.00  0.40759E+11
  898.00  0.40636E+11
  899.00  0.40514E+11
  900.00  0.40393E+11
  901.00  0.40272E+11
  902.00  0.40152E+11
  903.00  0.40032E+11
  904.00  0.39913E+11
  905.00  0.39794E+11
  906.00  0.39676E+11
  907.00  0.39559E+11
  908.00  0.39442E+11
  909.00  0.39326E+11
  910.00  0.39210E+11
  911.00  0.39094E+11
  912.00  0.38980E+11
  913.00  0.38865E+11
  914.00  0.38752E+11
  915.00  0.38638E+11
  916.00  0.38526E+11
  917.00  0.38413E+11
  918.00  0.38302E+11
  919.00  0.38191E+11
  920.00  0.38080E+11
  921.00  0.37970E+11
  922.00  0.37860E+11
  923.00  0.37751E+11
  924.00  0.37642E+11
  925.00  0.37534E+11
  926.00  0.37426E+11
  927.00  0.37319E+11
  928.00  0.37213E+11
  929.00  0.37106E+11
  930.00  0.37001E+11
  931.00  0.36895E+11
  932.00  0.36791E+11
  933.00  0.36686E+11
  934.00  0.36582E+11
  935.00  0.36479E+11
  936.00  0.36376E+11
  937.00  0.36274E+11
  938.00  0.36172E+11
  939.00  0.36070E+11
  940.00  0.35969E+11
  941.00  0.35868E+11
  942.00  0.35768E+11
  943.00  0.35668E+11
  944.00  0.35569E+11
  945.00  0.35470E+11
  946.00  0.35372E+11
  947.00  0.35274E+11
  948.00  0.35176E+11
  949.00  0.35079E+11
  950.00  0.34982E+11
  951.00  0.34886E+11
  952.00  0.34790E+11
  953.00  0.34694E+11
  954.00  0.34599E+11
  955.00  0.34505E+11
  956.00  0.34410E+11
  957.00  0.34317E+11
  958.00  0.34223E+11
  959.00  0.34130E+11
  960.00  0.34038E+11
  961.00  0.33945E+11
  962.00  0.33853E+11
  963.00  0.33762E+11
  964.00  0.33671E+11
  965.00  0.33580E+11
  966.00  0.33490E+11
  967.00  0.33400E+11
  968.00  0.33311E+11
  969.00  0.33222E+11
  970.00  0.33133E+11
  971.00  0.33045E+11
  972.00  0.32957E+11
  973.00  0.32869E+11
  974.00  0.32782E+11
  975.00  0.32695E+11
  976.00  0.32609E+11
  977.00  0.32522E+11
  978.00  0.32437E+11
  979.00  0.32351E+11
  980.00  0.32266E+11
  981.00  0.32182E+11
  982.00  0.32097E+11
  983.00  0.32013E+11
  984.00  0.31930E+11
  985.00  0.31846E+11
  986.00  0.31763E+11
  987.00  0.31681E+11
  988.00  0.31599E+11
  989.00  0.31517E+11
  990.00  0.31435E+11
  991.00  0.31354E+11
  992.00  0.31273E+11
  993.00  0.31193E+11
  994.00  0.31112E+11
  995.00  0.31033E+11
  996.00  0.30953E+11
  997.00  0.30874E+11
  998.00  0.30795E+11
  999.00  0.30716E+11
 1000.00  0.30638E+11
 1001.00  0.30560E+11
 1002.00  0.30483E+11
 1003.00  0.30405E+11
 1004.00  0.30328E+11
 1005.00  0.30252E+11
 1006.00  0.30175E+11
 1007.00  0.30099E+11
 1008.00  0.30023E+11
 1009.00  0.29948E+11
 1010.00  0.29873E+11
 1011.00  0.29798E+11
 1012.00  0.29724E+11
 1013.00  0.29649E+11
 1014.00  0.29575E+11
 1015.00  0.29502E+11
 1016.00  0.29428E+11
 1017.00  0.29355E+11
 1018.00  0.29283E+11
 1019.00  0.29210E+11
 1020.00  0.29138E+11
 1021.00  0.29066E+11
 1022.00  0.28995E+11
 1023.00  0.28923E+11
 1024.00  0.28852E+11
 1025.00  0.28782E+11
 1026.00  0.28711E+11
 1027.00  0.28641E+11
 1028.00  0.28571E+11
 1029.00  0.28501E+11
 1030.00  0.28432E+11
 1031.00  0.28363E+11
 1032.00  0.28294E+11
 1033.00  0.28226E+11
 1034.00  0.28157E+11
 1035.00  0.28089E+11
 1036.00  0.28022E+11
 1037.00  0.27954E+11
 1038.00  0.27887E+11
 1039.00  0.27820E+11
 1040.00  0.27753E+11
 1041.00  0.27687E+11
 1042.00  0.27621E+11
 1043.00  0.27555E+11
 1044.00  0.27489E+11
 1045.00  0.27424E+11
 1046.00  0.27359E+11
 1047.00  0.27294E+11
 1048.00  0.27229E+11
 1049.00  0.27165E+11
 1050.00  0.27101E+11
 1051.00  0.27037E+11
 1052.00  0.26973E+11
 1053.00  0.26910E+11
 1054.00  0.26846E+11
 1055.00  0.26783E+11
 1056.00  0.26721E+11
 1057.00  0.26658E+11
 1058.00  0.26596E+11
 1059.00  0.26534E+11
 1060.00  0.26472E+11
 1061.00  0.26411E+11
 1062.00  0.26350E+11
 1063.00  0.26289E+11
 1064.00  0.26228E+11
 1065.00  0.26167E+11
 1066.00  0.26107E+11
 1067.00  0.26047E+11
 1068.00  0.25987E+11
 1069.00  0.25927E+11
 1070.00  0.25868E+11
 1071.00  0.25808E+11
 1072.00  0.25749E+11
 1073.00  0.25691E+11
 1074.00  0.25632E+11
 1075.00  0.25574E+11
 1076.00  0.25516E+11
 1077.00  0.25458E+11
 1078.00  0.25400E+11
 1079.00  0.25342E+11
 1080.00  0.25285E+11
 1081.00  0.25228E+11
 1082.00  0.25171E+11
 1083.00  0.25115E+11
 1084.00  0.25058E+11
 1085.00  0.25002E+11
 1086.00  0.24946E+11
 1087.00  0.24890E+11
 1088.00  0.24834E+11
 1089.00  0.24779E+11
 1090.00  0.24724E+11
 1091.00  0.24669E+11
 1092.00  0.24614E+11
 1093.00  0.24559E+11
 1094.00  0.24505E+11
 1095.00  0.24451E+11
 1096.00  0.24397E+11
 1097.00  0.24343E+11
 1098.00  0.24289E+11
 1099.00  0.24236E+11
 1100.00  0.24183E+11
 1101.00  0.24130E+11
 1102.00  0.24077E+11
 1103.00  0.24024E+11
 1104.00  0.23972E+11
 1105.00  0.23919E+11
 1106.00  0.23867E+11
 1107.00  0.23815E+11
 1108.00  0.23764E+11
 1109.00  0.23712E+11
 1110.00  0.23661E+11
 1111.00  0.23610E+11
 1112.00  0.23559E+11
 1113.00  0.23508E+11
 1114.00  0.23457E+11
 1115.00  0.23407E+11
 1116.00  0.23357E+11
 1117.00  0.23306E+11
 1118.00  0.23257E+11
 1119.00  0.23207E+11
 1120.00  0.23157E+11
 1121.00  0.23108E+11
 1122.00  0.23059E+11
 1123.00  0.23010E+11
 1124.00  0.22961E+11
 1125.00  0.22912E+11
 1126.00  0.22864E+11
 1127.00  0.22815E+11
 1128.00  0.22767E+11
 1129.00  0.22719E+11
 1130.00  0.22671E+11
 1131.00  0.22623E+11
 1132.00  0.22576E+11
 1133.00  0.22529E+11
 1134.00  0.22481E+11
 1135.00  0.22434E+11
 1136.00  0.22387E+11
 1137.00  0.22341E+11
 1138.00  0.22294E+11
 1139.00  0.22248E+11
 1140.00  0.22202E+11
 1141.00  0.22156E+11
 1142.00  0.22110E+11
 1143.00  0.22064E+11
 1144.00  0.22018E+11
 1145.00  0.21973E+11
 1146.00  0.21928E+11
 1147.00  0.21883E+11
 1148.00  0.21838E+11
 1149.00  0.21793E+11
 1150.00  0.21748E+11
 1151.00  0.21704E+11
 1152.00  0.21659E+11
 1153.00  0.21615E+11
 1154.00  0.21571E+11
 1155.00  0.21527E+11
 1156.00  0.21483E+11
 1157.00  0.21440E+11
 1158.00  0.21396E+11
 1159.00  0.21353E+11
 1160.00  0.21310E+11
 1161.00  0.21267E+11
 1162.00  0.21224E+11
 1163.00  0.21181E+11
 1164.00  0.21139E+11
 1165.00  0.21096E+11
 1166.00  0.21054E+11
 1167.00  0.21012E+11
 1168.00  0.20970E+11
 1169.00  0.20928E+11
 1170.00  0.20886E+11
 1171.00  0.20844E+11
 1172.00  0.20803E+11
 1173.00  0.20762E+11
 1174.00  0.20720E+11
 1175.00  0.20679E+11
 1176.00  0.20638E+11
 1177.00  0.20598E+11
 1178.00  0.20557E+11
 1179.00  0.20516E+11
 1180.00  0.20476E+11
 1181.00  0.20436E+11
 1182.00  0.20396E+11
 1183.00  0.20356E+11
 1184.00  0.20316E+11
 1185.00  0.20276E+11
 1186.00  0.20236E+11
 1187.00  0.20197E+11
 1188.00  0.20158E+11
 1189.00  0.20118E+11
 1190.00  0.20079E+11
 1191.00  0.20040E+11
 1192.00  0.20002E+11
 1193.00  0.19963E+11
 1194.00  0.19924E+11
 1195.00  0.19886E+11
 1196.00  0.19847E+11
 1197.00  0.19809E+11
 1198.00  0.19771E+11
 1199.00  0.19733E+11
 1200.00  0.19695E+11
 1201.00  0.19658E+11
 1202.00  0.19620E+11
 1203.00  0.19583E+11
 1204.00  0.19545E+11
 1205.00  0.19508E+11
 1206.00  0.19471E+11
 1207.00  0.19434E+11
 1208.00  0.19397E+11
 1209.00  0.19360E+11
 1210.00  0.19324E+11
 1211.00  0.19287E+11
 1212.00  0.19251E+11
 1213.00  0.19214E+11
 1214.00  0.19178E+11
 1215.00  0.19142E+11
 1216.00  0.19106E+11
 1217.00  0.19070E+11
 1218.00  0.19035E+11
 1219.00  0.18999E+11
 1220.00  0.18963E+11
 1221.00  0.18928E+11
 1222.00  0.18893E+11
 1223.00  0.18858E+11
 1224.00  0.18823E+11
 1225.00  0.18788E+11
 1226.00  0.18753E+11
 1227.00  0.18718E+11
 1228.00  0.18683E+11
 1229.00  0.18649E+11
 1230.00  0.18614E+11
 1231.00  0.18580E+11
 1232.00  0.18546E+11
 1233.00  0.18512E+11
 1234.00  0.18478E+11
 1235.00  0.18444E+11
 1236.00  0.18410E+11
 1237.00  0.18377E+11
 1238.00  0.18343E+11
 1239.00  0.18310E+11
 1240.00  0.18276E+11
 1241.00  0.18243E+11
 1242.00  0.18210E+11
 1243.00  0.18177E+11
 1244.00  0.18144E+11
 1245.00  0.18111E+11
 1246.00  0.18078E+11
 1247.00  0.18046E+11
 1248.00  0.18013E+11
 1249.00  0.17981E+11
 1250.00  0.17948E+11
 1251.00  0.17916E+11
 1252.00  0.17884E+11
 1253.00  0.17852E+11
 1254.00  0.17820E+11
 1255.00  0.17788E+11
 1256.00  0.17756E+11
 1257.00  0.17724E+11
 1258.00  0.17693E+11
 1259.00  0.17661E+11
 1260.00  0.17630E+11
 1261.00  0.17599E+11
 1262.00  0.17568E+11
 1263.00  0.17536E+11
 1264.00  0.17505E+11
 1265.00  0.17475E+11
 1266.00  0.17444E+11
 1267.00  0.17413E+11
 1268.00  0.17382E+11
 1269.00  0.17352E+11
 1270.00  0.17321E+11
 1271.00  0.17291E+11
 1272.00  0.17261E+11
 1273.00  0.17231E+11
 1274.00  0.17200E+11
 1275.00  0.17170E+11
 1276.00  0.17141E+11
 1277.00  0.17111E+11
 1278.00  0.17081E+11
 1279.00  0.17051E+11
 1280.00  0.17022E+11
 1281.00  0.16992E+11
 1282.00  0.16963E+11
 1283.00  0.16934E+11
 1284.00  0.16904E+11
 1285.00  0.16875E+11
 1286.00  0.16846E+11
 1287.00  0.16817E+11
 1288.00  0.16788E+11
 1289.00  0.16760E+11
 1290.00  0.16731E+11
 1291.00  0.16702E+11
 1292.00  0.16674E+11
 1293.00  0.16645E+11
 1294.00  0.16617E+11
 1295.00  0.16589E+11
 1296.00  0.16560E+11
 1297.00  0.16532E+11
 1298.00  0.16504E+11
 1299.00  0.16476E+11
 1300.00  0.16448E+11
 1301.00  0.16420E+11
 1302.00  0.16393E+11
 1303.00  0.16365E+11
 1304.00  0.16338E+11
 1305.00  0.16310E+11
 1306.00  0.16283E+11
 1307.00  0.16255E+11
 1308.00  0.16228E+11
 1309.00  0.16201E+11
 1310.00  0.16174E+11
 1311.00  0.16147E+11
 1312.00  0.16120E+11
 1313.00  0.16093E+11
 1314.00  0.16066E+11
 1315.00  0.16039E+11
 1316.00  0.16013E+11
 1317.00  0.15986E+11
 1318.00  0.15960E+11
 1319.00  0.15933E+11
 1320.00  0.15907E+11
 1321.00  0.15881E+11
 1322.00  0.15855E+11
 1323.00  0.15828E+11
 1324.00  0.15802E+11
 1325.00  0.15776E+11
 1326.00  0.15751E+11
 1327.00  0.15725E+11
 1328.00  0.15699E+11
 1329.00  0.15673E+11
 1330.00  0.15648E+11
 1331.00  0.15622E+11
 1332.00  0.15597E+11
 1333.00  0.15571E+11
 1334.00  0.15546E+11
 1335.00  0.15521E+11
 1336.00  0.15496E+11
 1337.00  0.15471E+11
 1338.00  0.15445E+11
 1339.00  0.15421E+11
 1340.00  0.15396E+11
 1341.00  0.15371E+11
 1342.00  0.15346E+11
 1343.00  0.15321E+11
 1344.00  0.15297E+11
 1345.00  0.15272E+11
 1346.00  0.15248E+11
 1347.00  0.15223E+11
 1348.00  0.15199E+11
 1349.00  0.15175E+11
 1350.00  0.15150E+11
 1351.00  0.15126E+11
 1352.00  0.15102E+11
 1353.00  0.15078E+11
 1354.00  0.15054E+11
 1355.00  0.15030E+11
 1356.00  0.15006E+11
 1357.00  0.14983E+11
 1358.00  0.14959E+11
 1359.00  0.14935E+11
 1360.00  0.14912E+11
 1361.00  0.14888E+11
 1362.00  0.14865E+11
 1363.00  0.14841E+11
 1364.00  0.14818E+11
 1365.00  0.14795E+11
 1366.00  0.14772E+11
 1367.00  0.14749E+11
 1368.00  0.14726E+11
 1369.00  0.14703E+11
 1370.00  0.14680E+11
 1371.00  0.14657E+11
 1372.00  0.14634E+11
 1373.00  0.14611E+11
 1374.00  0.14589E+11
 1375.00  0.14566E+11
 1376.00  0.14543E+11
 1377.00  0.14521E+11
 1378.00  0.14498E+11
 1379.00  0.14476E+11
 1380.00  0.14454E+11
 1381.00  0.14431E+11
 1382.00  0.14409E+11
 1383.00  0.14387E+11
 1384.00  0.14365E+11
 1385.00  0.14343E+11
 1386.00  0.14321E+11
 1387.00  0.14299E+11
 1388.00  0.14277E+11
 1389.00  0.14255E+11
 1390.00  0.14234E+11
 1391.00  0.14212E+11
 1392.00  0.14190E+11
 1393.00  0.14169E+11
 1394.00  0.14147E+11
 1395.00  0.14126E+11
 1396.00  0.14104E+11
 1397.00  0.14083E+11
 1398.00  0.14062E+11
 1399.00  0.14040E+11
 1400.00  0.14019E+11
 1401.00  0.13998E+11
 1402.00  0.13977E+11
 1403.00  0.13956E+11
 1404.00  0.13935E+11
 1405.00  0.13914E+11
 1406.00  0.13893E+11
 1407.00  0.13873E+11
 1408.00  0.13852E+11
 1409.00  0.13831E+11
 1410.00  0.13810E+11
 1411.00  0.13790E+11
 1412.00  0.13769E+11
 1413.00  0.13749E+11
 1414.00  0.13728E+11
 1415.00  0.13708E+11
 1416.00  0.13688E+11
 1417.00  0.13667E+11
 1418.00  0.13647E+11
 1419.00  0.13627E+11
 1420.00  0.13607E+11
 1421.00  0.13587E+11
 1422.00  0.13567E+11
 1423.00  0.13547E+11
 1424.00  0.13527E+11
 1425.00  0.13507E+11
 1426.00  0.13487E+11
 1427.00  0.13468E+11
 1428.00  0.13448E+11
 1429.00  0.13428E+11
 1430.00  0.13409E+11
 1431.00  0.13389E+11
 1432.00  0.13370E+11
 1433.00  0.13350E+11
 1434.00  0.13331E+11
 1435.00  0.13311E+11
 1436.00  0.13292E+11
 1437.00  0.13273E+11
 1438.00  0.13254E+11
 1439.00  0.13235E+11
 1440.00  0.13215E+11
 1441.00  0.13196E+11
 1442.00  0.13177E+11
 1443.00  0.13158E+11
 1444.00  0.13139E+11
 1445.00  0.13121E+11
 1446.00  0.13102E+11
 1447.00  0.13083E+11
 1448.00  0.13064E+11
 1449.00  0.13046E+11
 1450.00  0.13027E+11
 1451.00  0.13008E+11
 1452.00  0.12990E+11
 1453.00  0.12971E+11
 1454.00  0.12953E+11
 1455.00  0.12934E+11
 1456.00  0.12916E+11
 1457.00  0.12898E+11
 1458.00  0.12879E+11
 1459.00  0.12861E+11
 1460.00  0.12843E+11
 1461.00  0.12825E+11
 1462.00  0.12807E+11
 1463.00  0.12789E+11
 1464.00  0.12771E+11
 1465.00  0.12753E+11
 1466.00  0.12735E+11
 1467.00  0.12717E+11
 1468.00  0.12699E+11
 1469.00  0.12681E+11
 1470.00  0.12664E+11
 1471.00  0.12646E+11
 1472.00  0.12628E+11
 1473.00  0.12611E+11
 1474.00  0.12593E+11
 1475.00  0.12576E+11
 1476.00  0.12558E+11
 1477.00  0.12541E+11
 1478.00  0.12523E+11
 1479.00  0.12506E+11
 1480.00  0.12489E+11
 1481.00  0.12471E+11
 1482.00  0.12454E+11
 1483.00  0.12437E+11
 1484.00  0.12420E+11
 1485.00  0.12403E+11
 1486.00  0.12386E+11
 1487.00  0.12369E+11
 1488.00  0.12352E+11
 1489.00  0.12335E+11
 1490.00  0.12318E+11
 1491.00  0.12301E+11
 1492.00  0.12284E+11
 1493.00  0.12267E+11
 1494.00  0.12251E+11
 1495.00  0.12234E+11
 1496.00  0.12217E+11
 1497.00  0.12201E+11
 1498.00  0.12184E+11
 1499.00  0.12167E+11
 1500.00  0.12151E+11
 1501.00  0.12134E+11
 1502.00  0.12118E+11
 1503.00  0.12102E+11
 1504.00  0.12085E+11
 1505.00  0.12069E+11
 1506.00  0.12053E+11
 1507.00  0.12037E+11
 1508.00  0.12020E+11
 1509.00  0.12004E+11
 1510.00  0.11988E+11
 1511.00  0.11972E+11
 1512.00  0.11956E+11
 1513.00  0.11940E+11
 1514.00  0.11924E+11
 1515.00  0.11908E+11
 1516.00  0.11892E+11
 1517.00  0.11876E+11
 1518.00  0.11861E+11
 1519.00  0.11845E+11
 1520.00  0.11829E+11
 1521.00  0.11813E+11
 1522.00  0.11798E+11
 1523.00  0.11782E+11
 1524.00  0.11766E+11
 1525.00  0.11751E+11
 1526.00  0.11735E+11
 1527.00  0.11720E+11
 1528.00  0.11704E+11
 1529.00  0.11689E+11
 1530.00  0.11674E+11
 1531.00  0.11658E+11
 1532.00  0.11643E+11
 1533.00  0.11628E+11
 1534.00  0.11612E+11
 1535.00  0.11597E+11
 1536.00  0.11582E+11
 1537.00  0.11567E+11
 1538.00  0.11552E+11
 1539.00  0.11537E+11
 1540.00  0.11522E+11
 1541.00  0.11507E+11
 1542.00  0.11492E+11
 1543.00  0.11477E+11
 1544.00  0.11462E+11
 1545.00  0.11447E+11
 1546.00  0.11432E+11
 1547.00  0.11418E+11
 1548.00  0.11403E+11
 1549.00  0.11388E+11
 1550.00  0.11373E+11
 1551.00  0.11359E+11
 1552.00  0.11344E+11
 1553.00  0.11330E+11
 1554.00  0.11315E+11
 1555.00  0.11300E+11
 1556.00  0.11286E+11
 1557.00  0.11272E+11
 1558.00  0.11257E+11
 1559.00  0.11243E+11
 1560.00  0.11228E+11
 1561.00  0.11214E+11
 1562.00  0.11200E+11
 1563.00  0.11185E+11
 1564.00  0.11171E+11
 1565.00  0.11157E+11
 1566.00  0.11143E+11
 1567.00  0.11129E+11
 1568.00  0.11115E+11
 1569.00  0.11101E+11
 1570.00  0.11087E+11
 1571.00  0.11073E+11
 1572.00  0.11059E+11
 1573.00  0.11045E+11
 1574.00  0.11031E+11
 1575.00  0.11017E+11
 1576.00  0.11003E+11
 1577.00  0.10989E+11
 1578.00  0.10975E+11
 1579.00  0.10962E+11
 1580.00  0.10948E+11
 1581.00  0.10934E+11
 1582.00  0.10921E+11
 1583.00  0.10907E+11
 1584.00  0.10893E+11
 1585.00  0.10880E+11
 1586.00  0.10866E+11
 1587.00  0.10853E+11
 1588.00  0.10839E+11
 1589.00  0.10826E+11
 1590.00  0.10812E+11
 1591.00  0.10799E+11
 1592.00  0.10786E+11
 1593.00  0.10772E+11
 1594.00  0.10759E+11
 1595.00  0.10746E+11
 1596.00  0.10732E+11
 1597.00  0.10719E+11
 1598.00  0.10706E+11
 1599.00  0.10693E+11
 1600.00  0.10680E+11
 1601.00  0.10667E+11
 1602.00  0.10653E+11
 1603.00  0.10640E+11
 1604.00  0.10627E+11
 1605.00  0.10614E+11
 1606.00  0.10601E+11
 1607.00  0.10588E+11
 1608.00  0.10576E+11
 1609.00  0.10563E+11
 1610.00  0.10550E+11
 1611.00  0.10537E+11
 1612.00  0.10524E+11
 1613.00  0.10511E+11
 1614.00  0.10499E+11
 1615.00  0.10486E+11
 1616.00  0.10473E+11
 1617.00  0.10461E+11
 1618.00  0.10448E+11
 1619.00  0.10435E+11
 1620.00  0.10423E+11
 1621.00  0.10410E+11
 1622.00  0.10398E+11
 1623.00  0.10385E+11
 1624.00  0.10373E+11
 1625.00  0.10360E+11
 1626.00  0.10348E+11
 1627.00  0.10335E+11
 1628.00  0.10323E+11
 1629.00  0.10311E+11
 1630.00  0.10298E+11
 1631.00  0.10286E+11
 1632.00  0.10274E+11
 1633.00  0.10262E+11
 1634.00  0.10249E+11
 1635.00  0.10237E+11
 1636.00  0.10225E+11
 1637.00  0.10213E+11
 1638.00  0.10201E+11
 1639.00  0.10189E+11
 1640.00  0.10177E+11
 1641.00  0.10165E+11
 1642.00  0.10153E+11
 1643.00  0.10141E+11
 1644.00  0.10129E+11
 1645.00  0.10117E+11
 1646.00  0.10105E+11
 1647.00  0.10093E+11
 1648.00  0.10081E+11
 1649.00  0.10069E+11
 1650.00  0.10058E+11
 1651.00  0.10046E+11
 1652.00  0.10034E+11
 1653.00  0.10022E+11
 1654.00  0.10011E+11
 1655.00  0.99989E+10
 1656.00  0.99872E+10
 1657.00  0.99756E+10
 1658.00  0.99640E+10
 1659.00  0.99524E+10
 1660.00  0.99408E+10
 1661.00  0.99293E+10
 1662.00  0.99178E+10
 1663.00  0.99063E+10
 1664.00  0.98948E+10
 1665.00  0.98834E+10
 1666.00  0.98719E+10
 1667.00  0.98605E+10
 1668.00  0.98492E+10
 1669.00  0.98378E+10
 1670.00  0.98265E+10
 1671.00  0.98152E+10
 1672.00  0.98039E+10
 1673.00  0.97926E+10
 1674.00  0.97814E+10
 1675.00  0.97702E+10
 1676.00  0.97590E+10
 1677.00  0.97479E+10
 1678.00  0.97367E+10
 1679.00  0.97256E+10
 1680.00  0.97145E+10
 1681.00  0.97034E+10
 1682.00  0.96924E+10
 1683.00  0.96814E+10
 1684.00  0.96703E+10
 1685.00  0.96594E+10
 1686.00  0.96484E+10
 1687.00  0.96375E+10
 1688.00  0.96265E+10
 1689.00  0.96157E+10
 1690.00  0.96048E+10
 1691.00  0.95939E+10
 1692.00  0.95831E+10
 1693.00  0.95723E+10
 1694.00  0.95615E+10
 1695.00  0.95507E+10
 1696.00  0.95400E+10
 1697.00  0.95293E+10
 1698.00  0.95186E+10
 1699.00  0.95079E+10
 1700.00  0.94972E+10
 1701.00  0.94866E+10
 1702.00  0.94760E+10
 1703.00  0.94654E+10
 1704.00  0.94548E+10
 1705.00  0.94443E+10
 1706.00  0.94338E+10
 1707.00  0.94232E+10
 1708.00  0.94128E+10
 1709.00  0.94023E+10
 1710.00  0.93918E+10
 1711.00  0.93814E+10
 1712.00  0.93710E+10
 1713.00  0.93606E+10
 1714.00  0.93503E+10
 1715.00  0.93399E+10
 1716.00  0.93296E+10
 1717.00  0.93193E+10
 1718.00  0.93090E+10
 1719.00  0.92988E+10
 1720.00  0.92885E+10
 1721.00  0.92783E+10
 1722.00  0.92681E+10
 1723.00  0.92579E+10
 1724.00  0.92478E+10
 1725.00  0.92376E+10
 1726.00  0.92275E+10
 1727.00  0.92174E+10
 1728.00  0.92073E+10
 1729.00  0.91973E+10
 1730.00  0.91872E+10
 1731.00  0.91772E+10
 1732.00  0.91672E+10
 1733.00  0.91572E+10
 1734.00  0.91473E+10
 1735.00  0.91373E+10
 1736.00  0.91274E+10
 1737.00  0.91175E+10
 1738.00  0.91076E+10
 1739.00  0.90978E+10
 1740.00  0.90879E+10
 1741.00  0.90781E+10
 1742.00  0.90683E+10
 1743.00  0.90585E+10
 1744.00  0.90487E+10
 1745.00  0.90390E+10
 1746.00  0.90292E+10
 1747.00  0.90195E+10
 1748.00  0.90098E+10
 1749.00  0.90001E+10
 1750.00  0.89905E+10
 1751.00  0.89808E+10
 1752.00  0.89712E+10
 1753.00  0.89616E+10
 1754.00  0.89520E+10
 1755.00  0.89425E+10
 1756.00  0.89329E+10
 1757.00  0.89234E+10
 1758.00  0.89139E+10
 1759.00  0.89044E+10
 1760.00  0.88949E+10
 1761.00  0.88855E+10
 1762.00  0.88760E+10
 1763.00  0.88666E+10
 1764.00  0.88572E+10
 1765.00  0.88478E+10
 1766.00  0.88385E+10
 1767.00  0.88291E+10
 1768.00  0.88198E+10
 1769.00  0.88105E+10
 1770.00  0.88012E+10
 1771.00  0.87919E+10
 1772.00  0.87826E+10
 1773.00  0.87734E+10
 1774.00  0.87642E+10
 1775.00  0.87550E+10
 1776.00  0.87458E+10
 1777.00  0.87366E+10
 1778.00  0.87275E+10
 1779.00  0.87183E+10
 1780.00  0.87092E+10
 1781.00  0.87001E+10
 1782.00  0.86910E+10
 1783.00  0.86819E+10
 1784.00  0.86729E+10
 1785.00  0.86639E+10
 1786.00  0.86548E+10
 1787.00  0.86458E+10
 1788.00  0.86368E+10
 1789.00  0.86279E+10
 1790.00  0.86189E+10
 1791.00  0.86100E+10
 1792.00  0.86011E+10
 1793.00  0.85922E+10
 1794.00  0.85833E+10
 1795.00  0.85744E+10
 1796.00  0.85656E+10
 1797.00  0.85567E+10
 1798.00  0.85479E+10
 1799.00  0.85391E+10
 1800.00  0.85303E+10
 1801.00  0.85216E+10
 1802.00  0.85128E+10
 1803.00  0.85041E+10
 1804.00  0.84954E+10
 1805.00  0.84867E+10
 1806.00  0.84780E+10
 1807.00  0.84693E+10
 1808.00  0.84606E+10
 1809.00  0.84520E+10
 1810.00  0.84434E+10
 1811.00  0.84348E+10
 1812.00  0.84262E+10
 1813.00  0.84176E+10
 1814.00  0.84090E+10
 1815.00  0.84005E+10
 1816.00  0.83920E+10
 1817.00  0.83835E+10
 1818.00  0.83750E+10
 1819.00  0.83665E+10
 1820.00  0.83580E+10
 1821.00  0.83496E+10
 1822.00  0.83411E+10
 1823.00  0.83327E+10
 1824.00  0.83243E+10
 1825.00  0.83159E+10
 1826.00  0.83075E+10
 1827.00  0.82992E+10
 1828.00  0.82908E+10
 1829.00  0.82825E+10
 1830.00  0.82742E+10
 1831.00  0.82659E+10
 1832.00  0.82576E+10
 1833.00  0.82493E+10
 1834.00  0.82411E+10
 1835.00  0.82328E+10
 1836.00  0.82246E+10
 1837.00  0.82164E+10
 1838.00  0.82082E+10
 1839.00  0.82000E+10
 1840.00  0.81918E+10
 1841.00  0.81837E+10
 1842.00  0.81756E+10
 1843.00  0.81674E+10
 1844.00  0.81593E+10
 1845.00  0.81512E+10
 1846.00  0.81432E+10
 1847.00  0.81351E+10
 1848.00  0.81271E+10
 1849.00  0.81190E+10
 1850.00  0.81110E+10
 1851.00  0.81030E+10
 1852.00  0.80950E+10
 1853.00  0.80870E+10
 1854.00  0.80791E+10
 1855.00  0.80711E+10
 1856.00  0.80632E+10
 1857.00  0.80553E+10
 1858.00  0.80473E+10
 1859.00  0.80395E+10
 1860.00  0.80316E+10
 1861.00  0.80237E+10
 1862.00  0.80159E+10
 1863.00  0.80080E+10
 1864.00  0.80002E+10
 1865.00  0.79924E+10
 1866.00  0.79846E+10
 1867.00  0.79768E+10
 1868.00  0.79690E+10
 1869.00  0.79613E+10
 1870.00  0.79535E+10
 1871.00  0.79458E+10
 1872.00  0.79381E+10
 1873.00  0.79304E+10
 1874.00  0.79227E+10
 1875.00  0.79150E+10
 1876.00  0.79074E+10
 1877.00  0.78997E+10
 1878.00  0.78921E+10
 1879.00  0.78845E+10
 1880.00  0.78769E+10
 1881.00  0.78693E+10
 1882.00  0.78617E+10
 1883.00  0.78541E+10
 1884.00  0.78466E+10
 1885.00  0.78391E+10
 1886.00  0.78315E+10
 1887.00  0.78240E+10
 1888.00  0.78165E+10
 1889.00  0.78090E+10
 1890.00  0.78015E+10
 1891.00  0.77941E+10
 1892.00  0.77866E+10
 1893.00  0.77792E+10
 1894.00  0.77718E+10
 1895.00  0.77644E+10
 1896.00  0.77570E+10
 1897.00  0.77496E+10
 1898.00  0.77422E+10
 1899.00  0.77349E+10
 1900.00  0.77275E+10
 1901.00  0.77202E+10
 1902.00  0.77129E+10
 1903.00  0.77055E+10
 1904.00  0.76982E+10
 1905.00  0.76910E+10
 1906.00  0.76837E+10
 1907.00  0.76764E+10
 1908.00  0.76692E+10
 1909.00  0.76620E+10
 1910.00  0.76547E+10
 1911.00  0.76475E+10
 1912.00  0.76403E+10
 1913.00  0.76331E+10
 1914.00  0.76260E+10
 1915.00  0.76188E+10
 1916.00  0.76117E+10
 1917.00  0.76045E+10
 1918.00  0.75974E+10
 1919.00  0.75903E+10
 1920.00  0.75832E+10
 1921.00  0.75761E+10
 1922.00  0.75690E+10
 1923.00  0.75620E+10
 1924.00  0.75549E+10
 1925.00  0.75479E+10
 1926.00  0.75408E+10
 1927.00  0.75338E+10
 1928.00  0.75268E+10
 1929.00  0.75198E+10
 1930.00  0.75129E+10
 1931.00  0.75059E+10
 1932.00  0.74989E+10
 1933.00  0.74920E+10
 1934.00  0.74851E+10
 1935.00  0.74781E+10
 1936.00  0.74712E+10
 1937.00  0.74643E+10
 1938.00  0.74574E+10
 1939.00  0.74506E+10
 1940.00  0.74437E+10
 1941.00  0.74368E+10
 1942.00  0.74300E+10
 1943.00  0.74232E+10
 1944.00  0.74164E+10
 1945.00  0.74096E+10
 1946.00  0.74028E+10
 1947.00  0.73960E+10
 1948.00  0.73892E+10
 1949.00  0.73824E+10
 1950.00  0.73757E+10
 1951.00  0.73689E+10
 1952.00  0.73622E+10
 1953.00  0.73555E+10
 1954.00  0.73488E+10
 1955.00  0.73421E+10
 1956.00  0.73354E+10
 1957.00  0.73287E+10
 1958.00  0.73221E+10
 1959.00  0.73154E+10
 1960.00  0.73088E+10
 1961.00  0.73022E+10
 1962.00  0.72955E+10
 1963.00  0.72889E+10
 1964.00  0.72823E+10
 1965.00  0.72758E+10
 1966.00  0.72692E+10
 1967.00  0.72626E+10
 1968.00  0.72561E+10
 1969.00  0.72495E+10
 1970.00  0.72430E+10
 1971.00  0.72365E+10
 1972.00  0.72300E+10
 1973.00  0.72235E+10
 1974.00  0.72170E+10
 1975.00  0.72105E+10
 1976.00  0.72040E+10
 1977.00  0.71976E+10
 1978.00  0.71911E+10
 1979.00  0.71847E+10
 1980.00  0.71783E+10
 1981.00  0.71719E+10
 1982.00  0.71654E+10
 1983.00  0.71591E+10
 1984.00  0.71527E+10
 1985.00  0.71463E+10
 1986.00  0.71399E+10
 1987.00  0.71336E+10
 1988.00  0.71272E+10
 1989.00  0.71209E+10
 1990.00  0.71146E+10
 1991.00  0.71083E+10
 1992.00  0.71020E+10
 1993.00  0.70957E+10
 1994.00  0.70894E+10
 1995.00  0.70831E+10
 1996.00  0.70769E+10
 1997.00  0.70706E+10
 1998.00  0.70644E+10
 1999.00  0.70581E+10
 2000.00  0.70519E+10
