# electron density (m^-3) vs altitude (km) from IRI2012
# latitude: 42.62 deg
# longitude: 288.5 deg
# December 1, 2014, 12 AM local time
   80.00  0.65044E+06
   81.00  0.49975E+07
   82.00  0.23416E+08
   83.00  0.71814E+08
   84.00  0.15471E+09
   85.00  0.25128E+09
   86.00  0.33021E+09
   87.00  0.37683E+09
   88.00  0.40077E+09
   89.00  0.42491E+09
   90.00  0.47464E+09
   91.00  0.58884E+09
   92.00  0.85517E+09
   93.00  0.11889E+10
   94.00  0.13657E+10
   95.00  0.15213E+10
   96.00  0.16525E+10
   97.00  0.17584E+10
   98.00  0.18407E+10
   99.00  0.19020E+10
  100.00  0.19458E+10
  101.00  0.19758E+10
  102.00  0.19953E+10
  103.00  0.20072E+10
  104.00  0.20140E+10
  105.00  0.20175E+10
  106.00  0.20191E+10
  107.00  0.20196E+10
  108.00  0.20198E+10
  109.00  0.20198E+10
  110.00  0.20198E+10
  111.00  0.20003E+10
  112.00  0.19461E+10
  113.00  0.18648E+10
  114.00  0.17639E+10
  115.00  0.16508E+10
  116.00  0.15316E+10
  117.00  0.14114E+10
  118.00  0.12940E+10
  119.00  0.11823E+10
  120.00  0.10781E+10
  121.00  0.98250E+09
  122.00  0.89584E+09
  123.00  0.81819E+09
  124.00  0.74924E+09
  125.00  0.68851E+09
  126.00  0.63540E+09
  127.00  0.58929E+09
  128.00  0.54952E+09
  129.00  0.51550E+09
  130.00  0.48665E+09
  131.00  0.46247E+09
  132.00  0.44250E+09
  133.00  0.42636E+09
  134.00  0.41372E+09
  135.00  0.40428E+09
  136.00  0.39783E+09
  137.00  0.39419E+09
  138.00  0.39320E+09
  139.00  0.39477E+09
  140.00  0.39881E+09
  141.00  0.40530E+09
  142.00  0.41420E+09
  143.00  0.42551E+09
  144.00  0.43925E+09
  145.00  0.45545E+09
  146.00  0.47413E+09
  147.00  0.49535E+09
  148.00  0.51912E+09
  149.00  0.54549E+09
  150.00  0.57446E+09
  151.00  0.60605E+09
  152.00  0.64023E+09
  153.00  0.67696E+09
  154.00  0.71617E+09
  155.00  0.75777E+09
  156.00  0.80163E+09
  157.00  0.84759E+09
  158.00  0.89550E+09
  159.00  0.94515E+09
  160.00  0.99635E+09
  161.00  0.10489E+10
  162.00  0.11027E+10
  163.00  0.11576E+10
  164.00  0.12135E+10
  165.00  0.12705E+10
  166.00  0.13288E+10
  167.00  0.13886E+10
  168.00  0.14503E+10
  169.00  0.15148E+10
  170.00  0.15829E+10
  171.00  0.16559E+10
  172.00  0.17354E+10
  173.00  0.18237E+10
  174.00  0.19233E+10
  175.00  0.21588E+10
  176.00  0.31009E+10
  177.00  0.40431E+10
  178.00  0.49852E+10
  179.00  0.59274E+10
  180.00  0.68695E+10
  181.00  0.78117E+10
  182.00  0.87538E+10
  183.00  0.96960E+10
  184.00  0.10638E+11
  185.00  0.11580E+11
  186.00  0.12522E+11
  187.00  0.13465E+11
  188.00  0.14407E+11
  189.00  0.15349E+11
  190.00  0.16291E+11
  191.00  0.17233E+11
  192.00  0.18175E+11
  193.00  0.19118E+11
  194.00  0.20060E+11
  195.00  0.21002E+11
  196.00  0.21944E+11
  197.00  0.22886E+11
  198.00  0.23828E+11
  199.00  0.24770E+11
  200.00  0.25713E+11
  201.00  0.26655E+11
  202.00  0.27597E+11
  203.00  0.28539E+11
  204.00  0.29481E+11
  205.00  0.30423E+11
  206.00  0.31365E+11
  207.00  0.32568E+11
  208.00  0.34227E+11
  209.00  0.35945E+11
  210.00  0.37723E+11
  211.00  0.39561E+11
  212.00  0.41460E+11
  213.00  0.43419E+11
  214.00  0.45440E+11
  215.00  0.47521E+11
  216.00  0.49664E+11
  217.00  0.51868E+11
  218.00  0.54133E+11
  219.00  0.56459E+11
  220.00  0.58844E+11
  221.00  0.61289E+11
  222.00  0.63794E+11
  223.00  0.66356E+11
  224.00  0.68975E+11
  225.00  0.71651E+11
  226.00  0.74381E+11
  227.00  0.77165E+11
  228.00  0.80001E+11
  229.00  0.82888E+11
  230.00  0.85824E+11
  231.00  0.88807E+11
  232.00  0.91835E+11
  233.00  0.94906E+11
  234.00  0.98017E+11
  235.00  0.10117E+12
  236.00  0.10435E+12
  237.00  0.10757E+12
  238.00  0.11082E+12
  239.00  0.11410E+12
  240.00  0.11741E+12
  241.00  0.12073E+12
  242.00  0.12408E+12
  243.00  0.12744E+12
  244.00  0.13082E+12
  245.00  0.13420E+12
  246.00  0.13759E+12
  247.00  0.14098E+12
  248.00  0.14438E+12
  249.00  0.14777E+12
  250.00  0.15115E+12
  251.00  0.15452E+12
  252.00  0.15788E+12
  253.00  0.16122E+12
  254.00  0.16453E+12
  255.00  0.16782E+12
  256.00  0.17109E+12
  257.00  0.17432E+12
  258.00  0.17751E+12
  259.00  0.18067E+12
  260.00  0.18378E+12
  261.00  0.18685E+12
  262.00  0.18987E+12
  263.00  0.19284E+12
  264.00  0.19575E+12
  265.00  0.19861E+12
  266.00  0.20140E+12
  267.00  0.20413E+12
  268.00  0.20680E+12
  269.00  0.20939E+12
  270.00  0.21192E+12
  271.00  0.21437E+12
  272.00  0.21674E+12
  273.00  0.21904E+12
  274.00  0.22126E+12
  275.00  0.22340E+12
  276.00  0.22545E+12
  277.00  0.22743E+12
  278.00  0.22932E+12
  279.00  0.23112E+12
  280.00  0.23283E+12
  281.00  0.23446E+12
  282.00  0.23600E+12
  283.00  0.23746E+12
  284.00  0.23882E+12
  285.00  0.24010E+12
  286.00  0.24129E+12
  287.00  0.24240E+12
  288.00  0.24342E+12
  289.00  0.24435E+12
  290.00  0.24520E+12
  291.00  0.24597E+12
  292.00  0.24665E+12
  293.00  0.24726E+12
  294.00  0.24779E+12
  295.00  0.24824E+12
  296.00  0.24862E+12
  297.00  0.24893E+12
  298.00  0.24918E+12
  299.00  0.24936E+12
  300.00  0.24948E+12
  301.00  0.24954E+12
  302.00  0.24956E+12
  303.00  0.24954E+12
  304.00  0.24948E+12
  305.00  0.24939E+12
  306.00  0.24926E+12
  307.00  0.24909E+12
  308.00  0.24889E+12
  309.00  0.24865E+12
  310.00  0.24839E+12
  311.00  0.24808E+12
  312.00  0.24775E+12
  313.00  0.24739E+12
  314.00  0.24699E+12
  315.00  0.24656E+12
  316.00  0.24610E+12
  317.00  0.24562E+12
  318.00  0.24510E+12
  319.00  0.24456E+12
  320.00  0.24399E+12
  321.00  0.24339E+12
  322.00  0.24277E+12
  323.00  0.24212E+12
  324.00  0.24145E+12
  325.00  0.24075E+12
  326.00  0.24003E+12
  327.00  0.23928E+12
  328.00  0.23852E+12
  329.00  0.23773E+12
  330.00  0.23692E+12
  331.00  0.23609E+12
  332.00  0.23524E+12
  333.00  0.23437E+12
  334.00  0.23348E+12
  335.00  0.23258E+12
  336.00  0.23166E+12
  337.00  0.23072E+12
  338.00  0.22976E+12
  339.00  0.22879E+12
  340.00  0.22780E+12
  341.00  0.22680E+12
  342.00  0.22579E+12
  343.00  0.22476E+12
  344.00  0.22372E+12
  345.00  0.22267E+12
  346.00  0.22161E+12
  347.00  0.22053E+12
  348.00  0.21945E+12
  349.00  0.21835E+12
  350.00  0.21725E+12
  351.00  0.21613E+12
  352.00  0.21501E+12
  353.00  0.21388E+12
  354.00  0.21274E+12
  355.00  0.21160E+12
  356.00  0.21044E+12
  357.00  0.20929E+12
  358.00  0.20812E+12
  359.00  0.20695E+12
  360.00  0.20578E+12
  361.00  0.20460E+12
  362.00  0.20341E+12
  363.00  0.20223E+12
  364.00  0.20104E+12
  365.00  0.19984E+12
  366.00  0.19865E+12
  367.00  0.19745E+12
  368.00  0.19625E+12
  369.00  0.19505E+12
  370.00  0.19384E+12
  371.00  0.19264E+12
  372.00  0.19143E+12
  373.00  0.19023E+12
  374.00  0.18902E+12
  375.00  0.18781E+12
  376.00  0.18661E+12
  377.00  0.18540E+12
  378.00  0.18420E+12
  379.00  0.18300E+12
  380.00  0.18180E+12
  381.00  0.18060E+12
  382.00  0.17940E+12
  383.00  0.17821E+12
  384.00  0.17701E+12
  385.00  0.17582E+12
  386.00  0.17464E+12
  387.00  0.17345E+12
  388.00  0.17227E+12
  389.00  0.17109E+12
  390.00  0.16992E+12
  391.00  0.16875E+12
  392.00  0.16758E+12
  393.00  0.16642E+12
  394.00  0.16526E+12
  395.00  0.16410E+12
  396.00  0.16296E+12
  397.00  0.16181E+12
  398.00  0.16067E+12
  399.00  0.15953E+12
  400.00  0.15840E+12
  401.00  0.15728E+12
  402.00  0.15616E+12
  403.00  0.15504E+12
  404.00  0.15393E+12
  405.00  0.15283E+12
  406.00  0.15173E+12
  407.00  0.15063E+12
  408.00  0.14955E+12
  409.00  0.14846E+12
  410.00  0.14739E+12
  411.00  0.14632E+12
  412.00  0.14525E+12
  413.00  0.14420E+12
  414.00  0.14314E+12
  415.00  0.14210E+12
  416.00  0.14106E+12
  417.00  0.14003E+12
  418.00  0.13900E+12
  419.00  0.13798E+12
  420.00  0.13696E+12
  421.00  0.13595E+12
  422.00  0.13495E+12
  423.00  0.13396E+12
  424.00  0.13297E+12
  425.00  0.13199E+12
  426.00  0.13101E+12
  427.00  0.13004E+12
  428.00  0.12908E+12
  429.00  0.12812E+12
  430.00  0.12717E+12
  431.00  0.12623E+12
  432.00  0.12529E+12
  433.00  0.12436E+12
  434.00  0.12344E+12
  435.00  0.12252E+12
  436.00  0.12161E+12
  437.00  0.12071E+12
  438.00  0.11981E+12
  439.00  0.11892E+12
  440.00  0.11804E+12
  441.00  0.11716E+12
  442.00  0.11629E+12
  443.00  0.11542E+12
  444.00  0.11457E+12
  445.00  0.11371E+12
  446.00  0.11287E+12
  447.00  0.11203E+12
  448.00  0.11120E+12
  449.00  0.11037E+12
  450.00  0.10955E+12
  451.00  0.10874E+12
  452.00  0.10793E+12
  453.00  0.10713E+12
  454.00  0.10634E+12
  455.00  0.10555E+12
  456.00  0.10477E+12
  457.00  0.10399E+12
  458.00  0.10322E+12
  459.00  0.10246E+12
  460.00  0.10170E+12
  461.00  0.10095E+12
  462.00  0.10021E+12
  463.00  0.99467E+11
  464.00  0.98734E+11
  465.00  0.98007E+11
  466.00  0.97286E+11
  467.00  0.96571E+11
  468.00  0.95861E+11
  469.00  0.95157E+11
  470.00  0.94459E+11
  471.00  0.93767E+11
  472.00  0.93081E+11
  473.00  0.92400E+11
  474.00  0.91725E+11
  475.00  0.91055E+11
  476.00  0.90391E+11
  477.00  0.89733E+11
  478.00  0.89080E+11
  479.00  0.88432E+11
  480.00  0.87790E+11
  481.00  0.87153E+11
  482.00  0.86521E+11
  483.00  0.85895E+11
  484.00  0.85274E+11
  485.00  0.84658E+11
  486.00  0.84048E+11
  487.00  0.83442E+11
  488.00  0.82842E+11
  489.00  0.82247E+11
  490.00  0.81657E+11
  491.00  0.81071E+11
  492.00  0.80491E+11
  493.00  0.79916E+11
  494.00  0.79345E+11
  495.00  0.78779E+11
  496.00  0.78218E+11
  497.00  0.77662E+11
  498.00  0.77111E+11
  499.00  0.76564E+11
  500.00  0.76022E+11
  501.00  0.75484E+11
  502.00  0.74952E+11
  503.00  0.74423E+11
  504.00  0.73899E+11
  505.00  0.73380E+11
  506.00  0.72865E+11
  507.00  0.72354E+11
  508.00  0.71848E+11
  509.00  0.71346E+11
  510.00  0.70848E+11
  511.00  0.70355E+11
  512.00  0.69865E+11
  513.00  0.69380E+11
  514.00  0.68899E+11
  515.00  0.68422E+11
  516.00  0.67949E+11
  517.00  0.67481E+11
  518.00  0.67016E+11
  519.00  0.66555E+11
  520.00  0.66098E+11
  521.00  0.65645E+11
  522.00  0.65196E+11
  523.00  0.64750E+11
  524.00  0.64309E+11
  525.00  0.63871E+11
  526.00  0.63437E+11
  527.00  0.63006E+11
  528.00  0.62579E+11
  529.00  0.62156E+11
  530.00  0.61737E+11
  531.00  0.61320E+11
  532.00  0.60908E+11
  533.00  0.60499E+11
  534.00  0.60093E+11
  535.00  0.59691E+11
  536.00  0.59292E+11
  537.00  0.58897E+11
  538.00  0.58505E+11
  539.00  0.58116E+11
  540.00  0.57731E+11
  541.00  0.57348E+11
  542.00  0.56969E+11
  543.00  0.56594E+11
  544.00  0.56221E+11
  545.00  0.55851E+11
  546.00  0.55485E+11
  547.00  0.55122E+11
  548.00  0.54761E+11
  549.00  0.54404E+11
  550.00  0.54050E+11
  551.00  0.53698E+11
  552.00  0.53350E+11
  553.00  0.53004E+11
  554.00  0.52662E+11
  555.00  0.52322E+11
  556.00  0.51985E+11
  557.00  0.51651E+11
  558.00  0.51320E+11
  559.00  0.50991E+11
  560.00  0.50665E+11
  561.00  0.50342E+11
  562.00  0.50021E+11
  563.00  0.49703E+11
  564.00  0.49388E+11
  565.00  0.49075E+11
  566.00  0.48765E+11
  567.00  0.48458E+11
  568.00  0.48153E+11
  569.00  0.47850E+11
  570.00  0.47550E+11
  571.00  0.47253E+11
  572.00  0.46958E+11
  573.00  0.46665E+11
  574.00  0.46375E+11
  575.00  0.46087E+11
  576.00  0.45801E+11
  577.00  0.45518E+11
  578.00  0.45237E+11
  579.00  0.44958E+11
  580.00  0.44682E+11
  581.00  0.44408E+11
  582.00  0.44136E+11
  583.00  0.43866E+11
  584.00  0.43598E+11
  585.00  0.43333E+11
  586.00  0.43070E+11
  587.00  0.42808E+11
  588.00  0.42549E+11
  589.00  0.42292E+11
  590.00  0.42037E+11
  591.00  0.41785E+11
  592.00  0.41534E+11
  593.00  0.41285E+11
  594.00  0.41038E+11
  595.00  0.40793E+11
  596.00  0.40550E+11
  597.00  0.40309E+11
  598.00  0.40070E+11
  599.00  0.39833E+11
  600.00  0.39597E+11
  601.00  0.39364E+11
  602.00  0.39132E+11
  603.00  0.38902E+11
  604.00  0.38674E+11
  605.00  0.38448E+11
  606.00  0.38224E+11
  607.00  0.38001E+11
  608.00  0.37780E+11
  609.00  0.37561E+11
  610.00  0.37344E+11
  611.00  0.37128E+11
  612.00  0.36914E+11
  613.00  0.36701E+11
  614.00  0.36490E+11
  615.00  0.36281E+11
  616.00  0.36074E+11
  617.00  0.35868E+11
  618.00  0.35663E+11
  619.00  0.35461E+11
  620.00  0.35259E+11
  621.00  0.35060E+11
  622.00  0.34862E+11
  623.00  0.34665E+11
  624.00  0.34470E+11
  625.00  0.34276E+11
  626.00  0.34084E+11
  627.00  0.33893E+11
  628.00  0.33704E+11
  629.00  0.33516E+11
  630.00  0.33330E+11
  631.00  0.33145E+11
  632.00  0.32962E+11
  633.00  0.32780E+11
  634.00  0.32599E+11
  635.00  0.32419E+11
  636.00  0.32241E+11
  637.00  0.32065E+11
  638.00  0.31889E+11
  639.00  0.31715E+11
  640.00  0.31542E+11
  641.00  0.31371E+11
  642.00  0.31201E+11
  643.00  0.31032E+11
  644.00  0.30864E+11
  645.00  0.30698E+11
  646.00  0.30532E+11
  647.00  0.30368E+11
  648.00  0.30206E+11
  649.00  0.30044E+11
  650.00  0.29884E+11
  651.00  0.29724E+11
  652.00  0.29566E+11
  653.00  0.29410E+11
  654.00  0.29254E+11
  655.00  0.29099E+11
  656.00  0.28946E+11
  657.00  0.28794E+11
  658.00  0.28642E+11
  659.00  0.28492E+11
  660.00  0.28343E+11
  661.00  0.28195E+11
  662.00  0.28048E+11
  663.00  0.27903E+11
  664.00  0.27758E+11
  665.00  0.27614E+11
  666.00  0.27471E+11
  667.00  0.27330E+11
  668.00  0.27189E+11
  669.00  0.27050E+11
  670.00  0.26911E+11
  671.00  0.26773E+11
  672.00  0.26637E+11
  673.00  0.26501E+11
  674.00  0.26366E+11
  675.00  0.26232E+11
  676.00  0.26100E+11
  677.00  0.25968E+11
  678.00  0.25837E+11
  679.00  0.25707E+11
  680.00  0.25578E+11
  681.00  0.25449E+11
  682.00  0.25322E+11
  683.00  0.25196E+11
  684.00  0.25070E+11
  685.00  0.24946E+11
  686.00  0.24822E+11
  687.00  0.24699E+11
  688.00  0.24577E+11
  689.00  0.24456E+11
  690.00  0.24335E+11
  691.00  0.24216E+11
  692.00  0.24097E+11
  693.00  0.23979E+11
  694.00  0.23862E+11
  695.00  0.23746E+11
  696.00  0.23630E+11
  697.00  0.23516E+11
  698.00  0.23402E+11
  699.00  0.23289E+11
  700.00  0.23176E+11
  701.00  0.23065E+11
  702.00  0.22954E+11
  703.00  0.22844E+11
  704.00  0.22735E+11
  705.00  0.22626E+11
  706.00  0.22518E+11
  707.00  0.22411E+11
  708.00  0.22305E+11
  709.00  0.22199E+11
  710.00  0.22094E+11
  711.00  0.21990E+11
  712.00  0.21886E+11
  713.00  0.21783E+11
  714.00  0.21681E+11
  715.00  0.21580E+11
  716.00  0.21479E+11
  717.00  0.21379E+11
  718.00  0.21279E+11
  719.00  0.21180E+11
  720.00  0.21082E+11
  721.00  0.20985E+11
  722.00  0.20888E+11
  723.00  0.20791E+11
  724.00  0.20696E+11
  725.00  0.20601E+11
  726.00  0.20506E+11
  727.00  0.20413E+11
  728.00  0.20320E+11
  729.00  0.20227E+11
  730.00  0.20135E+11
  731.00  0.20044E+11
  732.00  0.19953E+11
  733.00  0.19863E+11
  734.00  0.19773E+11
  735.00  0.19684E+11
  736.00  0.19596E+11
  737.00  0.19508E+11
  738.00  0.19421E+11
  739.00  0.19334E+11
  740.00  0.19248E+11
  741.00  0.19162E+11
  742.00  0.19077E+11
  743.00  0.18993E+11
  744.00  0.18909E+11
  745.00  0.18825E+11
  746.00  0.18743E+11
  747.00  0.18660E+11
  748.00  0.18578E+11
  749.00  0.18497E+11
  750.00  0.18416E+11
  751.00  0.18336E+11
  752.00  0.18256E+11
  753.00  0.18177E+11
  754.00  0.18098E+11
  755.00  0.18020E+11
  756.00  0.17942E+11
  757.00  0.17864E+11
  758.00  0.17788E+11
  759.00  0.17711E+11
  760.00  0.17635E+11
  761.00  0.17560E+11
  762.00  0.17485E+11
  763.00  0.17410E+11
  764.00  0.17336E+11
  765.00  0.17263E+11
  766.00  0.17190E+11
  767.00  0.17117E+11
  768.00  0.17045E+11
  769.00  0.16973E+11
  770.00  0.16901E+11
  771.00  0.16831E+11
  772.00  0.16760E+11
  773.00  0.16690E+11
  774.00  0.16620E+11
  775.00  0.16551E+11
  776.00  0.16482E+11
  777.00  0.16414E+11
  778.00  0.16346E+11
  779.00  0.16278E+11
  780.00  0.16211E+11
  781.00  0.16145E+11
  782.00  0.16078E+11
  783.00  0.16012E+11
  784.00  0.15947E+11
  785.00  0.15882E+11
  786.00  0.15817E+11
  787.00  0.15753E+11
  788.00  0.15689E+11
  789.00  0.15625E+11
  790.00  0.15562E+11
  791.00  0.15499E+11
  792.00  0.15436E+11
  793.00  0.15374E+11
  794.00  0.15312E+11
  795.00  0.15251E+11
  796.00  0.15190E+11
  797.00  0.15129E+11
  798.00  0.15069E+11
  799.00  0.15009E+11
  800.00  0.14949E+11
  801.00  0.14890E+11
  802.00  0.14831E+11
  803.00  0.14773E+11
  804.00  0.14714E+11
  805.00  0.14657E+11
  806.00  0.14599E+11
  807.00  0.14542E+11
  808.00  0.14485E+11
  809.00  0.14428E+11
  810.00  0.14372E+11
  811.00  0.14316E+11
  812.00  0.14261E+11
  813.00  0.14205E+11
  814.00  0.14150E+11
  815.00  0.14096E+11
  816.00  0.14041E+11
  817.00  0.13987E+11
  818.00  0.13934E+11
  819.00  0.13880E+11
  820.00  0.13827E+11
  821.00  0.13774E+11
  822.00  0.13722E+11
  823.00  0.13670E+11
  824.00  0.13618E+11
  825.00  0.13566E+11
  826.00  0.13515E+11
  827.00  0.13464E+11
  828.00  0.13413E+11
  829.00  0.13362E+11
  830.00  0.13312E+11
  831.00  0.13262E+11
  832.00  0.13213E+11
  833.00  0.13163E+11
  834.00  0.13114E+11
  835.00  0.13065E+11
  836.00  0.13017E+11
  837.00  0.12968E+11
  838.00  0.12920E+11
  839.00  0.12873E+11
  840.00  0.12825E+11
  841.00  0.12778E+11
  842.00  0.12731E+11
  843.00  0.12684E+11
  844.00  0.12638E+11
  845.00  0.12592E+11
  846.00  0.12546E+11
  847.00  0.12500E+11
  848.00  0.12455E+11
  849.00  0.12409E+11
  850.00  0.12364E+11
  851.00  0.12320E+11
  852.00  0.12275E+11
  853.00  0.12231E+11
  854.00  0.12187E+11
  855.00  0.12143E+11
  856.00  0.12100E+11
  857.00  0.12056E+11
  858.00  0.12013E+11
  859.00  0.11970E+11
  860.00  0.11928E+11
  861.00  0.11885E+11
  862.00  0.11843E+11
  863.00  0.11801E+11
  864.00  0.11760E+11
  865.00  0.11718E+11
  866.00  0.11677E+11
  867.00  0.11636E+11
  868.00  0.11595E+11
  869.00  0.11555E+11
  870.00  0.11514E+11
  871.00  0.11474E+11
  872.00  0.11434E+11
  873.00  0.11394E+11
  874.00  0.11355E+11
  875.00  0.11315E+11
  876.00  0.11276E+11
  877.00  0.11237E+11
  878.00  0.11198E+11
  879.00  0.11160E+11
  880.00  0.11122E+11
  881.00  0.11083E+11
  882.00  0.11046E+11
  883.00  0.11008E+11
  884.00  0.10970E+11
  885.00  0.10933E+11
  886.00  0.10896E+11
  887.00  0.10859E+11
  888.00  0.10822E+11
  889.00  0.10785E+11
  890.00  0.10749E+11
  891.00  0.10713E+11
  892.00  0.10677E+11
  893.00  0.10641E+11
  894.00  0.10605E+11
  895.00  0.10570E+11
  896.00  0.10534E+11
  897.00  0.10499E+11
  898.00  0.10464E+11
  899.00  0.10430E+11
  900.00  0.10395E+11
  901.00  0.10361E+11
  902.00  0.10326E+11
  903.00  0.10292E+11
  904.00  0.10258E+11
  905.00  0.10225E+11
  906.00  0.10191E+11
  907.00  0.10158E+11
  908.00  0.10124E+11
  909.00  0.10091E+11
  910.00  0.10058E+11
  911.00  0.10026E+11
  912.00  0.99930E+10
  913.00  0.99606E+10
  914.00  0.99283E+10
  915.00  0.98962E+10
  916.00  0.98643E+10
  917.00  0.98325E+10
  918.00  0.98008E+10
  919.00  0.97694E+10
  920.00  0.97380E+10
  921.00  0.97069E+10
  922.00  0.96759E+10
  923.00  0.96450E+10
  924.00  0.96143E+10
  925.00  0.95837E+10
  926.00  0.95533E+10
  927.00  0.95230E+10
  928.00  0.94929E+10
  929.00  0.94629E+10
  930.00  0.94331E+10
  931.00  0.94034E+10
  932.00  0.93739E+10
  933.00  0.93445E+10
  934.00  0.93152E+10
  935.00  0.92861E+10
  936.00  0.92571E+10
  937.00  0.92283E+10
  938.00  0.91995E+10
  939.00  0.91710E+10
  940.00  0.91425E+10
  941.00  0.91143E+10
  942.00  0.90861E+10
  943.00  0.90581E+10
  944.00  0.90302E+10
  945.00  0.90024E+10
  946.00  0.89748E+10
  947.00  0.89473E+10
  948.00  0.89199E+10
  949.00  0.88926E+10
  950.00  0.88655E+10
  951.00  0.88385E+10
  952.00  0.88117E+10
  953.00  0.87849E+10
  954.00  0.87583E+10
  955.00  0.87318E+10
  956.00  0.87055E+10
  957.00  0.86792E+10
  958.00  0.86531E+10
  959.00  0.86271E+10
  960.00  0.86012E+10
  961.00  0.85755E+10
  962.00  0.85499E+10
  963.00  0.85243E+10
  964.00  0.84989E+10
  965.00  0.84736E+10
  966.00  0.84485E+10
  967.00  0.84234E+10
  968.00  0.83985E+10
  969.00  0.83737E+10
  970.00  0.83489E+10
  971.00  0.83243E+10
  972.00  0.82999E+10
  973.00  0.82755E+10
  974.00  0.82512E+10
  975.00  0.82271E+10
  976.00  0.82030E+10
  977.00  0.81791E+10
  978.00  0.81553E+10
  979.00  0.81315E+10
  980.00  0.81079E+10
  981.00  0.80844E+10
  982.00  0.80610E+10
  983.00  0.80377E+10
  984.00  0.80145E+10
  985.00  0.79914E+10
  986.00  0.79685E+10
  987.00  0.79456E+10
  988.00  0.79228E+10
  989.00  0.79001E+10
  990.00  0.78775E+10
  991.00  0.78551E+10
  992.00  0.78327E+10
  993.00  0.78104E+10
  994.00  0.77882E+10
  995.00  0.77662E+10
  996.00  0.77442E+10
  997.00  0.77223E+10
  998.00  0.77005E+10
  999.00  0.76788E+10
 1000.00  0.76572E+10
 1001.00  0.76357E+10
 1002.00  0.76143E+10
 1003.00  0.75930E+10
 1004.00  0.75718E+10
 1005.00  0.75506E+10
 1006.00  0.75296E+10
 1007.00  0.75086E+10
 1008.00  0.74878E+10
 1009.00  0.74670E+10
 1010.00  0.74464E+10
 1011.00  0.74258E+10
 1012.00  0.74053E+10
 1013.00  0.73849E+10
 1014.00  0.73645E+10
 1015.00  0.73443E+10
 1016.00  0.73242E+10
 1017.00  0.73041E+10
 1018.00  0.72841E+10
 1019.00  0.72642E+10
 1020.00  0.72444E+10
 1021.00  0.72247E+10
 1022.00  0.72051E+10
 1023.00  0.71855E+10
 1024.00  0.71661E+10
 1025.00  0.71467E+10
 1026.00  0.71274E+10
 1027.00  0.71082E+10
 1028.00  0.70890E+10
 1029.00  0.70700E+10
 1030.00  0.70510E+10
 1031.00  0.70321E+10
 1032.00  0.70133E+10
 1033.00  0.69945E+10
 1034.00  0.69759E+10
 1035.00  0.69573E+10
 1036.00  0.69388E+10
 1037.00  0.69204E+10
 1038.00  0.69020E+10
 1039.00  0.68838E+10
 1040.00  0.68656E+10
 1041.00  0.68474E+10
 1042.00  0.68294E+10
 1043.00  0.68114E+10
 1044.00  0.67935E+10
 1045.00  0.67757E+10
 1046.00  0.67580E+10
 1047.00  0.67403E+10
 1048.00  0.67227E+10
 1049.00  0.67052E+10
 1050.00  0.66877E+10
 1051.00  0.66703E+10
 1052.00  0.66530E+10
 1053.00  0.66358E+10
 1054.00  0.66186E+10
 1055.00  0.66015E+10
 1056.00  0.65845E+10
 1057.00  0.65675E+10
 1058.00  0.65506E+10
 1059.00  0.65338E+10
 1060.00  0.65170E+10
 1061.00  0.65003E+10
 1062.00  0.64837E+10
 1063.00  0.64672E+10
 1064.00  0.64507E+10
 1065.00  0.64343E+10
 1066.00  0.64179E+10
 1067.00  0.64016E+10
 1068.00  0.63854E+10
 1069.00  0.63692E+10
 1070.00  0.63532E+10
 1071.00  0.63371E+10
 1072.00  0.63212E+10
 1073.00  0.63053E+10
 1074.00  0.62894E+10
 1075.00  0.62737E+10
 1076.00  0.62580E+10
 1077.00  0.62423E+10
 1078.00  0.62267E+10
 1079.00  0.62112E+10
 1080.00  0.61957E+10
 1081.00  0.61803E+10
 1082.00  0.61650E+10
 1083.00  0.61497E+10
 1084.00  0.61345E+10
 1085.00  0.61193E+10
 1086.00  0.61042E+10
 1087.00  0.60892E+10
 1088.00  0.60742E+10
 1089.00  0.60593E+10
 1090.00  0.60444E+10
 1091.00  0.60296E+10
 1092.00  0.60149E+10
 1093.00  0.60002E+10
 1094.00  0.59856E+10
 1095.00  0.59710E+10
 1096.00  0.59565E+10
 1097.00  0.59420E+10
 1098.00  0.59276E+10
 1099.00  0.59132E+10
 1100.00  0.58990E+10
 1101.00  0.58847E+10
 1102.00  0.58705E+10
 1103.00  0.58564E+10
 1104.00  0.58423E+10
 1105.00  0.58283E+10
 1106.00  0.58143E+10
 1107.00  0.58004E+10
 1108.00  0.57866E+10
 1109.00  0.57727E+10
 1110.00  0.57590E+10
 1111.00  0.57453E+10
 1112.00  0.57316E+10
 1113.00  0.57180E+10
 1114.00  0.57045E+10
 1115.00  0.56910E+10
 1116.00  0.56775E+10
 1117.00  0.56642E+10
 1118.00  0.56508E+10
 1119.00  0.56375E+10
 1120.00  0.56243E+10
 1121.00  0.56111E+10
 1122.00  0.55979E+10
 1123.00  0.55848E+10
 1124.00  0.55718E+10
 1125.00  0.55588E+10
 1126.00  0.55459E+10
 1127.00  0.55330E+10
 1128.00  0.55201E+10
 1129.00  0.55073E+10
 1130.00  0.54946E+10
 1131.00  0.54819E+10
 1132.00  0.54692E+10
 1133.00  0.54566E+10
 1134.00  0.54440E+10
 1135.00  0.54315E+10
 1136.00  0.54190E+10
 1137.00  0.54066E+10
 1138.00  0.53942E+10
 1139.00  0.53819E+10
 1140.00  0.53696E+10
 1141.00  0.53573E+10
 1142.00  0.53452E+10
 1143.00  0.53330E+10
 1144.00  0.53209E+10
 1145.00  0.53088E+10
 1146.00  0.52968E+10
 1147.00  0.52848E+10
 1148.00  0.52729E+10
 1149.00  0.52610E+10
 1150.00  0.52492E+10
 1151.00  0.52374E+10
 1152.00  0.52256E+10
 1153.00  0.52139E+10
 1154.00  0.52022E+10
 1155.00  0.51906E+10
 1156.00  0.51790E+10
 1157.00  0.51674E+10
 1158.00  0.51559E+10
 1159.00  0.51444E+10
 1160.00  0.51330E+10
 1161.00  0.51216E+10
 1162.00  0.51103E+10
 1163.00  0.50990E+10
 1164.00  0.50877E+10
 1165.00  0.50765E+10
 1166.00  0.50653E+10
 1167.00  0.50542E+10
 1168.00  0.50431E+10
 1169.00  0.50320E+10
 1170.00  0.50210E+10
 1171.00  0.50100E+10
 1172.00  0.49991E+10
 1173.00  0.49882E+10
 1174.00  0.49773E+10
 1175.00  0.49665E+10
 1176.00  0.49557E+10
 1177.00  0.49449E+10
 1178.00  0.49342E+10
 1179.00  0.49235E+10
 1180.00  0.49129E+10
 1181.00  0.49023E+10
 1182.00  0.48917E+10
 1183.00  0.48812E+10
 1184.00  0.48707E+10
 1185.00  0.48603E+10
 1186.00  0.48498E+10
 1187.00  0.48395E+10
 1188.00  0.48291E+10
 1189.00  0.48188E+10
 1190.00  0.48085E+10
 1191.00  0.47983E+10
 1192.00  0.47881E+10
 1193.00  0.47779E+10
 1194.00  0.47678E+10
 1195.00  0.47577E+10
 1196.00  0.47476E+10
 1197.00  0.47376E+10
 1198.00  0.47276E+10
 1199.00  0.47177E+10
 1200.00  0.47077E+10
 1201.00  0.46979E+10
 1202.00  0.46880E+10
 1203.00  0.46782E+10
 1204.00  0.46684E+10
 1205.00  0.46586E+10
 1206.00  0.46489E+10
 1207.00  0.46392E+10
 1208.00  0.46296E+10
 1209.00  0.46199E+10
 1210.00  0.46104E+10
 1211.00  0.46008E+10
 1212.00  0.45913E+10
 1213.00  0.45818E+10
 1214.00  0.45723E+10
 1215.00  0.45629E+10
 1216.00  0.45535E+10
 1217.00  0.45441E+10
 1218.00  0.45348E+10
 1219.00  0.45255E+10
 1220.00  0.45162E+10
 1221.00  0.45070E+10
 1222.00  0.44978E+10
 1223.00  0.44886E+10
 1224.00  0.44795E+10
 1225.00  0.44703E+10
 1226.00  0.44613E+10
 1227.00  0.44522E+10
 1228.00  0.44432E+10
 1229.00  0.44342E+10
 1230.00  0.44252E+10
 1231.00  0.44163E+10
 1232.00  0.44074E+10
 1233.00  0.43985E+10
 1234.00  0.43896E+10
 1235.00  0.43808E+10
 1236.00  0.43720E+10
 1237.00  0.43633E+10
 1238.00  0.43545E+10
 1239.00  0.43458E+10
 1240.00  0.43372E+10
 1241.00  0.43285E+10
 1242.00  0.43199E+10
 1243.00  0.43113E+10
 1244.00  0.43028E+10
 1245.00  0.42942E+10
 1246.00  0.42857E+10
 1247.00  0.42772E+10
 1248.00  0.42688E+10
 1249.00  0.42604E+10
 1250.00  0.42520E+10
 1251.00  0.42436E+10
 1252.00  0.42353E+10
 1253.00  0.42270E+10
 1254.00  0.42187E+10
 1255.00  0.42104E+10
 1256.00  0.42022E+10
 1257.00  0.41940E+10
 1258.00  0.41858E+10
 1259.00  0.41776E+10
 1260.00  0.41695E+10
 1261.00  0.41614E+10
 1262.00  0.41533E+10
 1263.00  0.41453E+10
 1264.00  0.41373E+10
 1265.00  0.41293E+10
 1266.00  0.41213E+10
 1267.00  0.41134E+10
 1268.00  0.41054E+10
 1269.00  0.40975E+10
 1270.00  0.40897E+10
 1271.00  0.40818E+10
 1272.00  0.40740E+10
 1273.00  0.40662E+10
 1274.00  0.40584E+10
 1275.00  0.40507E+10
 1276.00  0.40430E+10
 1277.00  0.40353E+10
 1278.00  0.40276E+10
 1279.00  0.40199E+10
 1280.00  0.40123E+10
 1281.00  0.40047E+10
 1282.00  0.39971E+10
 1283.00  0.39896E+10
 1284.00  0.39821E+10
 1285.00  0.39746E+10
 1286.00  0.39671E+10
 1287.00  0.39596E+10
 1288.00  0.39522E+10
 1289.00  0.39448E+10
 1290.00  0.39374E+10
 1291.00  0.39300E+10
 1292.00  0.39227E+10
 1293.00  0.39153E+10
 1294.00  0.39080E+10
 1295.00  0.39008E+10
 1296.00  0.38935E+10
 1297.00  0.38863E+10
 1298.00  0.38791E+10
 1299.00  0.38719E+10
 1300.00  0.38647E+10
 1301.00  0.38576E+10
 1302.00  0.38505E+10
 1303.00  0.38434E+10
 1304.00  0.38363E+10
 1305.00  0.38292E+10
 1306.00  0.38222E+10
 1307.00  0.38152E+10
 1308.00  0.38082E+10
 1309.00  0.38012E+10
 1310.00  0.37943E+10
 1311.00  0.37874E+10
 1312.00  0.37805E+10
 1313.00  0.37736E+10
 1314.00  0.37667E+10
 1315.00  0.37599E+10
 1316.00  0.37530E+10
 1317.00  0.37462E+10
 1318.00  0.37395E+10
 1319.00  0.37327E+10
 1320.00  0.37260E+10
 1321.00  0.37192E+10
 1322.00  0.37125E+10
 1323.00  0.37059E+10
 1324.00  0.36992E+10
 1325.00  0.36926E+10
 1326.00  0.36859E+10
 1327.00  0.36793E+10
 1328.00  0.36728E+10
 1329.00  0.36662E+10
 1330.00  0.36597E+10
 1331.00  0.36531E+10
 1332.00  0.36466E+10
 1333.00  0.36402E+10
 1334.00  0.36337E+10
 1335.00  0.36273E+10
 1336.00  0.36208E+10
 1337.00  0.36144E+10
 1338.00  0.36080E+10
 1339.00  0.36017E+10
 1340.00  0.35953E+10
 1341.00  0.35890E+10
 1342.00  0.35827E+10
 1343.00  0.35764E+10
 1344.00  0.35701E+10
 1345.00  0.35639E+10
 1346.00  0.35576E+10
 1347.00  0.35514E+10
 1348.00  0.35452E+10
 1349.00  0.35390E+10
 1350.00  0.35329E+10
 1351.00  0.35267E+10
 1352.00  0.35206E+10
 1353.00  0.35145E+10
 1354.00  0.35084E+10
 1355.00  0.35023E+10
 1356.00  0.34962E+10
 1357.00  0.34902E+10
 1358.00  0.34842E+10
 1359.00  0.34782E+10
 1360.00  0.34722E+10
 1361.00  0.34662E+10
 1362.00  0.34603E+10
 1363.00  0.34543E+10
 1364.00  0.34484E+10
 1365.00  0.34425E+10
 1366.00  0.34366E+10
 1367.00  0.34308E+10
 1368.00  0.34249E+10
 1369.00  0.34191E+10
 1370.00  0.34133E+10
 1371.00  0.34075E+10
 1372.00  0.34017E+10
 1373.00  0.33959E+10
 1374.00  0.33902E+10
 1375.00  0.33844E+10
 1376.00  0.33787E+10
 1377.00  0.33730E+10
 1378.00  0.33673E+10
 1379.00  0.33617E+10
 1380.00  0.33560E+10
 1381.00  0.33504E+10
 1382.00  0.33447E+10
 1383.00  0.33391E+10
 1384.00  0.33336E+10
 1385.00  0.33280E+10
 1386.00  0.33224E+10
 1387.00  0.33169E+10
 1388.00  0.33114E+10
 1389.00  0.33058E+10
 1390.00  0.33003E+10
 1391.00  0.32949E+10
 1392.00  0.32894E+10
 1393.00  0.32840E+10
 1394.00  0.32785E+10
 1395.00  0.32731E+10
 1396.00  0.32677E+10
 1397.00  0.32623E+10
 1398.00  0.32569E+10
 1399.00  0.32516E+10
 1400.00  0.32462E+10
 1401.00  0.32409E+10
 1402.00  0.32356E+10
 1403.00  0.32303E+10
 1404.00  0.32250E+10
 1405.00  0.32197E+10
 1406.00  0.32145E+10
 1407.00  0.32092E+10
 1408.00  0.32040E+10
 1409.00  0.31988E+10
 1410.00  0.31936E+10
 1411.00  0.31884E+10
 1412.00  0.31832E+10
 1413.00  0.31781E+10
 1414.00  0.31730E+10
 1415.00  0.31678E+10
 1416.00  0.31627E+10
 1417.00  0.31576E+10
 1418.00  0.31525E+10
 1419.00  0.31475E+10
 1420.00  0.31424E+10
 1421.00  0.31374E+10
 1422.00  0.31323E+10
 1423.00  0.31273E+10
 1424.00  0.31223E+10
 1425.00  0.31173E+10
 1426.00  0.31124E+10
 1427.00  0.31074E+10
 1428.00  0.31024E+10
 1429.00  0.30975E+10
 1430.00  0.30926E+10
 1431.00  0.30877E+10
 1432.00  0.30828E+10
 1433.00  0.30779E+10
 1434.00  0.30730E+10
 1435.00  0.30682E+10
 1436.00  0.30633E+10
 1437.00  0.30585E+10
 1438.00  0.30537E+10
 1439.00  0.30489E+10
 1440.00  0.30441E+10
 1441.00  0.30393E+10
 1442.00  0.30346E+10
 1443.00  0.30298E+10
 1444.00  0.30251E+10
 1445.00  0.30203E+10
 1446.00  0.30156E+10
 1447.00  0.30109E+10
 1448.00  0.30062E+10
 1449.00  0.30016E+10
 1450.00  0.29969E+10
 1451.00  0.29922E+10
 1452.00  0.29876E+10
 1453.00  0.29830E+10
 1454.00  0.29784E+10
 1455.00  0.29738E+10
 1456.00  0.29692E+10
 1457.00  0.29646E+10
 1458.00  0.29600E+10
 1459.00  0.29555E+10
 1460.00  0.29509E+10
 1461.00  0.29464E+10
 1462.00  0.29419E+10
 1463.00  0.29374E+10
 1464.00  0.29329E+10
 1465.00  0.29284E+10
 1466.00  0.29239E+10
 1467.00  0.29195E+10
 1468.00  0.29150E+10
 1469.00  0.29106E+10
 1470.00  0.29061E+10
 1471.00  0.29017E+10
 1472.00  0.28973E+10
 1473.00  0.28929E+10
 1474.00  0.28886E+10
 1475.00  0.28842E+10
 1476.00  0.28798E+10
 1477.00  0.28755E+10
 1478.00  0.28712E+10
 1479.00  0.28668E+10
 1480.00  0.28625E+10
 1481.00  0.28582E+10
 1482.00  0.28539E+10
 1483.00  0.28497E+10
 1484.00  0.28454E+10
 1485.00  0.28411E+10
 1486.00  0.28369E+10
 1487.00  0.28326E+10
 1488.00  0.28284E+10
 1489.00  0.28242E+10
 1490.00  0.28200E+10
 1491.00  0.28158E+10
 1492.00  0.28116E+10
 1493.00  0.28075E+10
 1494.00  0.28033E+10
 1495.00  0.27992E+10
 1496.00  0.27950E+10
 1497.00  0.27909E+10
 1498.00  0.27868E+10
 1499.00  0.27827E+10
 1500.00  0.27786E+10
 1501.00  0.27745E+10
 1502.00  0.27704E+10
 1503.00  0.27663E+10
 1504.00  0.27623E+10
 1505.00  0.27582E+10
 1506.00  0.27542E+10
 1507.00  0.27502E+10
 1508.00  0.27462E+10
 1509.00  0.27422E+10
 1510.00  0.27382E+10
 1511.00  0.27342E+10
 1512.00  0.27302E+10
 1513.00  0.27262E+10
 1514.00  0.27223E+10
 1515.00  0.27183E+10
 1516.00  0.27144E+10
 1517.00  0.27105E+10
 1518.00  0.27066E+10
 1519.00  0.27027E+10
 1520.00  0.26988E+10
 1521.00  0.26949E+10
 1522.00  0.26910E+10
 1523.00  0.26871E+10
 1524.00  0.26833E+10
 1525.00  0.26794E+10
 1526.00  0.26756E+10
 1527.00  0.26717E+10
 1528.00  0.26679E+10
 1529.00  0.26641E+10
 1530.00  0.26603E+10
 1531.00  0.26565E+10
 1532.00  0.26527E+10
 1533.00  0.26490E+10
 1534.00  0.26452E+10
 1535.00  0.26415E+10
 1536.00  0.26377E+10
 1537.00  0.26340E+10
 1538.00  0.26302E+10
 1539.00  0.26265E+10
 1540.00  0.26228E+10
 1541.00  0.26191E+10
 1542.00  0.26154E+10
 1543.00  0.26117E+10
 1544.00  0.26081E+10
 1545.00  0.26044E+10
 1546.00  0.26008E+10
 1547.00  0.25971E+10
 1548.00  0.25935E+10
 1549.00  0.25898E+10
 1550.00  0.25862E+10
 1551.00  0.25826E+10
 1552.00  0.25790E+10
 1553.00  0.25754E+10
 1554.00  0.25718E+10
 1555.00  0.25683E+10
 1556.00  0.25647E+10
 1557.00  0.25611E+10
 1558.00  0.25576E+10
 1559.00  0.25540E+10
 1560.00  0.25505E+10
 1561.00  0.25470E+10
 1562.00  0.25435E+10
 1563.00  0.25399E+10
 1564.00  0.25364E+10
 1565.00  0.25330E+10
 1566.00  0.25295E+10
 1567.00  0.25260E+10
 1568.00  0.25225E+10
 1569.00  0.25191E+10
 1570.00  0.25156E+10
 1571.00  0.25122E+10
 1572.00  0.25087E+10
 1573.00  0.25053E+10
 1574.00  0.25019E+10
 1575.00  0.24985E+10
 1576.00  0.24951E+10
 1577.00  0.24917E+10
 1578.00  0.24883E+10
 1579.00  0.24849E+10
 1580.00  0.24816E+10
 1581.00  0.24782E+10
 1582.00  0.24749E+10
 1583.00  0.24715E+10
 1584.00  0.24682E+10
 1585.00  0.24648E+10
 1586.00  0.24615E+10
 1587.00  0.24582E+10
 1588.00  0.24549E+10
 1589.00  0.24516E+10
 1590.00  0.24483E+10
 1591.00  0.24450E+10
 1592.00  0.24417E+10
 1593.00  0.24385E+10
 1594.00  0.24352E+10
 1595.00  0.24320E+10
 1596.00  0.24287E+10
 1597.00  0.24255E+10
 1598.00  0.24223E+10
 1599.00  0.24190E+10
 1600.00  0.24158E+10
 1601.00  0.24126E+10
 1602.00  0.24094E+10
 1603.00  0.24062E+10
 1604.00  0.24030E+10
 1605.00  0.23998E+10
 1606.00  0.23967E+10
 1607.00  0.23935E+10
 1608.00  0.23904E+10
 1609.00  0.23872E+10
 1610.00  0.23841E+10
 1611.00  0.23809E+10
 1612.00  0.23778E+10
 1613.00  0.23747E+10
 1614.00  0.23716E+10
 1615.00  0.23685E+10
 1616.00  0.23654E+10
 1617.00  0.23623E+10
 1618.00  0.23592E+10
 1619.00  0.23561E+10
 1620.00  0.23530E+10
 1621.00  0.23500E+10
 1622.00  0.23469E+10
 1623.00  0.23439E+10
 1624.00  0.23408E+10
 1625.00  0.23378E+10
 1626.00  0.23348E+10
 1627.00  0.23317E+10
 1628.00  0.23287E+10
 1629.00  0.23257E+10
 1630.00  0.23227E+10
 1631.00  0.23197E+10
 1632.00  0.23167E+10
 1633.00  0.23137E+10
 1634.00  0.23108E+10
 1635.00  0.23078E+10
 1636.00  0.23048E+10
 1637.00  0.23019E+10
 1638.00  0.22989E+10
 1639.00  0.22960E+10
 1640.00  0.22930E+10
 1641.00  0.22901E+10
 1642.00  0.22872E+10
 1643.00  0.22843E+10
 1644.00  0.22814E+10
 1645.00  0.22785E+10
 1646.00  0.22756E+10
 1647.00  0.22727E+10
 1648.00  0.22698E+10
 1649.00  0.22669E+10
 1650.00  0.22640E+10
 1651.00  0.22612E+10
 1652.00  0.22583E+10
 1653.00  0.22555E+10
 1654.00  0.22526E+10
 1655.00  0.22498E+10
 1656.00  0.22470E+10
 1657.00  0.22441E+10
 1658.00  0.22413E+10
 1659.00  0.22385E+10
 1660.00  0.22357E+10
 1661.00  0.22329E+10
 1662.00  0.22301E+10
 1663.00  0.22273E+10
 1664.00  0.22245E+10
 1665.00  0.22217E+10
 1666.00  0.22190E+10
 1667.00  0.22162E+10
 1668.00  0.22134E+10
 1669.00  0.22107E+10
 1670.00  0.22079E+10
 1671.00  0.22052E+10
 1672.00  0.22025E+10
 1673.00  0.21997E+10
 1674.00  0.21970E+10
 1675.00  0.21943E+10
 1676.00  0.21916E+10
 1677.00  0.21889E+10
 1678.00  0.21862E+10
 1679.00  0.21835E+10
 1680.00  0.21808E+10
 1681.00  0.21781E+10
 1682.00  0.21754E+10
 1683.00  0.21728E+10
 1684.00  0.21701E+10
 1685.00  0.21674E+10
 1686.00  0.21648E+10
 1687.00  0.21621E+10
 1688.00  0.21595E+10
 1689.00  0.21569E+10
 1690.00  0.21542E+10
 1691.00  0.21516E+10
 1692.00  0.21490E+10
 1693.00  0.21464E+10
 1694.00  0.21438E+10
 1695.00  0.21412E+10
 1696.00  0.21386E+10
 1697.00  0.21360E+10
 1698.00  0.21334E+10
 1699.00  0.21308E+10
 1700.00  0.21282E+10
 1701.00  0.21257E+10
 1702.00  0.21231E+10
 1703.00  0.21205E+10
 1704.00  0.21180E+10
 1705.00  0.21154E+10
 1706.00  0.21129E+10
 1707.00  0.21104E+10
 1708.00  0.21078E+10
 1709.00  0.21053E+10
 1710.00  0.21028E+10
 1711.00  0.21003E+10
 1712.00  0.20978E+10
 1713.00  0.20953E+10
 1714.00  0.20928E+10
 1715.00  0.20903E+10
 1716.00  0.20878E+10
 1717.00  0.20853E+10
 1718.00  0.20828E+10
 1719.00  0.20803E+10
 1720.00  0.20779E+10
 1721.00  0.20754E+10
 1722.00  0.20729E+10
 1723.00  0.20705E+10
 1724.00  0.20680E+10
 1725.00  0.20656E+10
 1726.00  0.20632E+10
 1727.00  0.20607E+10
 1728.00  0.20583E+10
 1729.00  0.20559E+10
 1730.00  0.20535E+10
 1731.00  0.20510E+10
 1732.00  0.20486E+10
 1733.00  0.20462E+10
 1734.00  0.20438E+10
 1735.00  0.20414E+10
 1736.00  0.20391E+10
 1737.00  0.20367E+10
 1738.00  0.20343E+10
 1739.00  0.20319E+10
 1740.00  0.20296E+10
 1741.00  0.20272E+10
 1742.00  0.20248E+10
 1743.00  0.20225E+10
 1744.00  0.20201E+10
 1745.00  0.20178E+10
 1746.00  0.20155E+10
 1747.00  0.20131E+10
 1748.00  0.20108E+10
 1749.00  0.20085E+10
 1750.00  0.20061E+10
 1751.00  0.20038E+10
 1752.00  0.20015E+10
 1753.00  0.19992E+10
 1754.00  0.19969E+10
 1755.00  0.19946E+10
 1756.00  0.19923E+10
 1757.00  0.19900E+10
 1758.00  0.19878E+10
 1759.00  0.19855E+10
 1760.00  0.19832E+10
 1761.00  0.19809E+10
 1762.00  0.19787E+10
 1763.00  0.19764E+10
 1764.00  0.19742E+10
 1765.00  0.19719E+10
 1766.00  0.19697E+10
 1767.00  0.19674E+10
 1768.00  0.19652E+10
 1769.00  0.19630E+10
 1770.00  0.19607E+10
 1771.00  0.19585E+10
 1772.00  0.19563E+10
 1773.00  0.19541E+10
 1774.00  0.19519E+10
 1775.00  0.19497E+10
 1776.00  0.19475E+10
 1777.00  0.19453E+10
 1778.00  0.19431E+10
 1779.00  0.19409E+10
 1780.00  0.19387E+10
 1781.00  0.19365E+10
 1782.00  0.19343E+10
 1783.00  0.19322E+10
 1784.00  0.19300E+10
 1785.00  0.19278E+10
 1786.00  0.19257E+10
 1787.00  0.19235E+10
 1788.00  0.19214E+10
 1789.00  0.19192E+10
 1790.00  0.19171E+10
 1791.00  0.19150E+10
 1792.00  0.19128E+10
 1793.00  0.19107E+10
 1794.00  0.19086E+10
 1795.00  0.19065E+10
 1796.00  0.19043E+10
 1797.00  0.19022E+10
 1798.00  0.19001E+10
 1799.00  0.18980E+10
 1800.00  0.18959E+10
 1801.00  0.18938E+10
 1802.00  0.18917E+10
 1803.00  0.18897E+10
 1804.00  0.18876E+10
 1805.00  0.18855E+10
 1806.00  0.18834E+10
 1807.00  0.18813E+10
 1808.00  0.18793E+10
 1809.00  0.18772E+10
 1810.00  0.18752E+10
 1811.00  0.18731E+10
 1812.00  0.18711E+10
 1813.00  0.18690E+10
 1814.00  0.18670E+10
 1815.00  0.18649E+10
 1816.00  0.18629E+10
 1817.00  0.18609E+10
 1818.00  0.18588E+10
 1819.00  0.18568E+10
 1820.00  0.18548E+10
 1821.00  0.18528E+10
 1822.00  0.18508E+10
 1823.00  0.18488E+10
 1824.00  0.18468E+10
 1825.00  0.18448E+10
 1826.00  0.18428E+10
 1827.00  0.18408E+10
 1828.00  0.18388E+10
 1829.00  0.18368E+10
 1830.00  0.18348E+10
 1831.00  0.18329E+10
 1832.00  0.18309E+10
 1833.00  0.18289E+10
 1834.00  0.18270E+10
 1835.00  0.18250E+10
 1836.00  0.18230E+10
 1837.00  0.18211E+10
 1838.00  0.18191E+10
 1839.00  0.18172E+10
 1840.00  0.18152E+10
 1841.00  0.18133E+10
 1842.00  0.18114E+10
 1843.00  0.18094E+10
 1844.00  0.18075E+10
 1845.00  0.18056E+10
 1846.00  0.18037E+10
 1847.00  0.18018E+10
 1848.00  0.17998E+10
 1849.00  0.17979E+10
 1850.00  0.17960E+10
 1851.00  0.17941E+10
 1852.00  0.17922E+10
 1853.00  0.17903E+10
 1854.00  0.17884E+10
 1855.00  0.17866E+10
 1856.00  0.17847E+10
 1857.00  0.17828E+10
 1858.00  0.17809E+10
 1859.00  0.17790E+10
 1860.00  0.17772E+10
 1861.00  0.17753E+10
 1862.00  0.17734E+10
 1863.00  0.17716E+10
 1864.00  0.17697E+10
 1865.00  0.17679E+10
 1866.00  0.17660E+10
 1867.00  0.17642E+10
 1868.00  0.17623E+10
 1869.00  0.17605E+10
 1870.00  0.17587E+10
 1871.00  0.17568E+10
 1872.00  0.17550E+10
 1873.00  0.17532E+10
 1874.00  0.17514E+10
 1875.00  0.17495E+10
 1876.00  0.17477E+10
 1877.00  0.17459E+10
 1878.00  0.17441E+10
 1879.00  0.17423E+10
 1880.00  0.17405E+10
 1881.00  0.17387E+10
 1882.00  0.17369E+10
 1883.00  0.17351E+10
 1884.00  0.17333E+10
 1885.00  0.17315E+10
 1886.00  0.17298E+10
 1887.00  0.17280E+10
 1888.00  0.17262E+10
 1889.00  0.17244E+10
 1890.00  0.17227E+10
 1891.00  0.17209E+10
 1892.00  0.17191E+10
 1893.00  0.17174E+10
 1894.00  0.17156E+10
 1895.00  0.17139E+10
 1896.00  0.17121E+10
 1897.00  0.17104E+10
 1898.00  0.17086E+10
 1899.00  0.17069E+10
 1900.00  0.17052E+10
 1901.00  0.17034E+10
 1902.00  0.17017E+10
 1903.00  0.17000E+10
 1904.00  0.16982E+10
 1905.00  0.16965E+10
 1906.00  0.16948E+10
 1907.00  0.16931E+10
 1908.00  0.16914E+10
 1909.00  0.16897E+10
 1910.00  0.16880E+10
 1911.00  0.16863E+10
 1912.00  0.16846E+10
 1913.00  0.16829E+10
 1914.00  0.16812E+10
 1915.00  0.16795E+10
 1916.00  0.16778E+10
 1917.00  0.16761E+10
 1918.00  0.16744E+10
 1919.00  0.16728E+10
 1920.00  0.16711E+10
 1921.00  0.16694E+10
 1922.00  0.16677E+10
 1923.00  0.16661E+10
 1924.00  0.16644E+10
 1925.00  0.16628E+10
 1926.00  0.16611E+10
 1927.00  0.16594E+10
 1928.00  0.16578E+10
 1929.00  0.16561E+10
 1930.00  0.16545E+10
 1931.00  0.16529E+10
 1932.00  0.16512E+10
 1933.00  0.16496E+10
 1934.00  0.16479E+10
 1935.00  0.16463E+10
 1936.00  0.16447E+10
 1937.00  0.16431E+10
 1938.00  0.16414E+10
 1939.00  0.16398E+10
 1940.00  0.16382E+10
 1941.00  0.16366E+10
 1942.00  0.16350E+10
 1943.00  0.16334E+10
 1944.00  0.16318E+10
 1945.00  0.16302E+10
 1946.00  0.16286E+10
 1947.00  0.16270E+10
 1948.00  0.16254E+10
 1949.00  0.16238E+10
 1950.00  0.16222E+10
 1951.00  0.16206E+10
 1952.00  0.16190E+10
 1953.00  0.16175E+10
 1954.00  0.16159E+10
 1955.00  0.16143E+10
 1956.00  0.16127E+10
 1957.00  0.16112E+10
 1958.00  0.16096E+10
 1959.00  0.16080E+10
 1960.00  0.16065E+10
 1961.00  0.16049E+10
 1962.00  0.16034E+10
 1963.00  0.16018E+10
 1964.00  0.16003E+10
 1965.00  0.15987E+10
 1966.00  0.15972E+10
 1967.00  0.15956E+10
 1968.00  0.15941E+10
 1969.00  0.15926E+10
 1970.00  0.15910E+10
 1971.00  0.15895E+10
 1972.00  0.15880E+10
 1973.00  0.15864E+10
 1974.00  0.15849E+10
 1975.00  0.15834E+10
 1976.00  0.15819E+10
 1977.00  0.15804E+10
 1978.00  0.15789E+10
 1979.00  0.15774E+10
 1980.00  0.15758E+10
 1981.00  0.15743E+10
 1982.00  0.15728E+10
 1983.00  0.15713E+10
 1984.00  0.15698E+10
 1985.00  0.15683E+10
 1986.00  0.15669E+10
 1987.00  0.15654E+10
 1988.00  0.15639E+10
 1989.00  0.15624E+10
 1990.00  0.15609E+10
 1991.00  0.15594E+10
 1992.00  0.15580E+10
 1993.00  0.15565E+10
 1994.00  0.15550E+10
 1995.00  0.15535E+10
 1996.00  0.15521E+10
 1997.00  0.15506E+10
 1998.00  0.15492E+10
 1999.00  0.15477E+10
 2000.00  0.15462E+10
